
##########
2017-12-10
ImmutableMultiDict([('date', u'2017-12-09'), ('user_ip', u'8.0.116.100'), ('profile_id', u'id10012'), ('start_date', u'2017-12-06'), ('end_date', u'2017-12-09')])
10012_2017-12-06
connect to profiles
{'hits:hits': '0,0,0,0,0,0,0,0,0,0,0,0,0,0,0,4,0,0,0,0,0,0,0,0'}
profile_hits - [0, 0, 0, 0, 0, 0, 0, 0, 0, 0, 0, 0, 0, 0, 0, 4, 0, 0, 0, 0, 0, 0, 0, 0]
10012_2017-12-07
connect to profiles
{'hits:hits': '0,0,0,0,0,2,0,0,0,0,0,0,0,0,7,0,0,0,0,0,0,0,0,6'}
profile_hits - [0, 0, 0, 0, 0, 2, 0, 0, 0, 0, 0, 0, 0, 0, 7, 0, 0, 0, 0, 0, 0, 0, 0, 6]
10012_2017-12-08
connect to profiles
{'hits:hits': '0,0,0,0,0,0,0,0,0,0,1,0,0,0,0,0,0,0,0,0,0,0,0,0'}
profile_hits - [0, 0, 0, 0, 0, 0, 0, 0, 0, 0, 1, 0, 0, 0, 0, 0, 0, 0, 0, 0, 0, 0, 0, 0]
10012_2017-12-09
connect to profiles
{'hits:hits': '0,0,0,0,0,0,0,0,1,0,0,0,0,0,0,0,0,3,0,0,0,0,0,0'}
profile_hits - [0, 0, 0, 0, 0, 0, 0, 0, 1, 0, 0, 0, 0, 0, 0, 0, 0, 3, 0, 0, 0, 0, 0, 0]

##########
2017-12-10
ImmutableMultiDict([('date', u'2017-12-09'), ('user_ip', u'8.0.116.100'), ('profile_id', u'id10012'), ('start_date', u'2017-12-06'), ('end_date', u'2017-12-09')])
id10012_2017-12-06
connect to profiles
{'hits:hits': '13,17,9,3,1,1,1,0,2,2,0,4,4,3,4,4,3,2,5,5,5,3,3,4'}
profile_hits - [13, 17, 9, 3, 1, 1, 1, 0, 2, 2, 0, 4, 4, 3, 4, 4, 3, 2, 5, 5, 5, 3, 3, 4]
id10012_2017-12-07
connect to profiles
{'hits:hits': '16,8,3,1,3,3,2,0,1,0,1,2,1,2,7,3,6,4,5,6,4,4,7,6'}
profile_hits - [16, 8, 3, 1, 3, 3, 2, 0, 1, 0, 1, 2, 1, 2, 7, 3, 6, 4, 5, 6, 4, 4, 7, 6]
id10012_2017-12-08
connect to profiles
{'hits:hits': '0,0,1,1,2,3,4,3,3,2,2,0,1,1,4,3,4,1,3,3,6,3,8,1'}
profile_hits - [0, 0, 1, 1, 2, 3, 4, 3, 3, 2, 2, 0, 1, 1, 4, 3, 4, 1, 3, 3, 6, 3, 8, 1]
id10012_2017-12-09
connect to profiles
{'hits:hits': '5,2,1,1,1,2,2,1,2,1,4,2,2,5,4,0,6,3,1,4,6,4,1,5'}
profile_hits - [5, 2, 1, 1, 1, 2, 2, 1, 2, 1, 4, 2, 2, 5, 4, 0, 6, 3, 1, 4, 6, 4, 1, 5]

##########
2017-12-10
ImmutableMultiDict([('date', u'2017-12-09'), ('user_ip', u'8.0.116.100'), ('profile_id', u'id10012'), ('start_date', u'2017-12-06'), ('end_date', u'2017-12-09')])
id10012_2017-12-06
connect to profiles
{'hits:hits': '13,17,9,3,1,1,1,0,2,2,0,4,4,3,4,4,3,2,5,5,5,3,3,4'}
profile_hits - [13, 17, 9, 3, 1, 1, 1, 0, 2, 2, 0, 4, 4, 3, 4, 4, 3, 2, 5, 5, 5, 3, 3, 4]
id10012_2017-12-07
connect to profiles
{'hits:hits': '16,8,3,1,3,3,2,0,1,0,1,2,1,2,7,3,6,4,5,6,4,4,7,6'}
profile_hits - [16, 8, 3, 1, 3, 3, 2, 0, 1, 0, 1, 2, 1, 2, 7, 3, 6, 4, 5, 6, 4, 4, 7, 6]
id10012_2017-12-08
connect to profiles
{'hits:hits': '0,0,1,1,2,3,4,3,3,2,2,0,1,1,4,3,4,1,3,3,6,3,8,1'}
profile_hits - [0, 0, 1, 1, 2, 3, 4, 3, 3, 2, 2, 0, 1, 1, 4, 3, 4, 1, 3, 3, 6, 3, 8, 1]
id10012_2017-12-09
connect to profiles
{'hits:hits': '5,2,1,1,1,2,2,1,2,1,4,2,2,5,4,0,6,3,1,4,6,4,1,5'}
profile_hits - [5, 2, 1, 1, 1, 2, 2, 1, 2, 1, 4, 2, 2, 5, 4, 0, 6, 3, 1, 4, 6, 4, 1, 5]

##########
2017-12-10
ImmutableMultiDict([('date', u'2017-12-09'), ('user_ip', u'8.0.116.100'), ('profile_id', u'id10012'), ('start_date', u'2017-12-06'), ('end_date', u'2017-12-09')])
id10012_2017-12-06
connect to profiles
{'users:users': '13,17,9,3,1,1,1,0,2,2,0,4,4,3,4,4,3,2,4,5,5,3,3,4', 'hits:hits': '13,17,9,3,1,1,1,0,2,2,0,4,4,3,4,4,3,2,5,5,5,3,3,4'}
profile_hits - [13, 17, 9, 3, 1, 1, 1, 0, 2, 2, 0, 4, 4, 3, 4, 4, 3, 2, 5, 5, 5, 3, 3, 4]
profile_users - [13, 17, 9, 3, 1, 1, 1, 0, 2, 2, 0, 4, 4, 3, 4, 4, 3, 2, 4, 5, 5, 3, 3, 4]
id10012_2017-12-07
connect to profiles
{'hits:hits': '16,8,3,1,3,3,2,0,1,0,1,2,1,2,7,3,6,4,5,6,4,4,7,6'}
profile_hits - [16, 8, 3, 1, 3, 3, 2, 0, 1, 0, 1, 2, 1, 2, 7, 3, 6, 4, 5, 6, 4, 4, 7, 6]
id10012_2017-12-08
connect to profiles
{'hits:hits': '0,0,1,1,2,3,4,3,3,2,2,0,1,1,4,3,4,1,3,3,6,3,8,1'}
profile_hits - [0, 0, 1, 1, 2, 3, 4, 3, 3, 2, 2, 0, 1, 1, 4, 3, 4, 1, 3, 3, 6, 3, 8, 1]
id10012_2017-12-09
connect to profiles
{'hits:hits': '5,2,1,1,1,2,2,1,2,1,4,2,2,5,4,0,6,3,1,4,6,4,1,5'}
profile_hits - [5, 2, 1, 1, 1, 2, 2, 1, 2, 1, 4, 2, 2, 5, 4, 0, 6, 3, 1, 4, 6, 4, 1, 5]

##########
2017-12-10
ImmutableMultiDict([('date', u'2017-12-09'), ('user_ip', u'8.0.116.100'), ('profile_id', u'id10012'), ('start_date', u'2017-12-06'), ('end_date', u'2017-12-09')])
id10012_2017-12-06
connect to profiles
{'users:users': '13,17,9,3,1,1,1,0,2,2,0,4,4,3,4,4,3,2,4,5,5,3,3,4', 'hits:hits': '13,17,9,3,1,1,1,0,2,2,0,4,4,3,4,4,3,2,5,5,5,3,3,4'}
profile_hits - [13, 17, 9, 3, 1, 1, 1, 0, 2, 2, 0, 4, 4, 3, 4, 4, 3, 2, 5, 5, 5, 3, 3, 4]
profile_users - [13, 17, 9, 3, 1, 1, 1, 0, 2, 2, 0, 4, 4, 3, 4, 4, 3, 2, 4, 5, 5, 3, 3, 4]
id10012_2017-12-07
connect to profiles
{'users:users': '16,8,3,1,3,3,2,0,1,0,1,2,1,2,7,3,6,4,5,6,4,4,7,6', 'hits:hits': '16,8,3,1,3,3,2,0,1,0,1,2,1,2,7,3,6,4,5,6,4,4,7,6'}
profile_hits - [16, 8, 3, 1, 3, 3, 2, 0, 1, 0, 1, 2, 1, 2, 7, 3, 6, 4, 5, 6, 4, 4, 7, 6]
profile_users - [16, 8, 3, 1, 3, 3, 2, 0, 1, 0, 1, 2, 1, 2, 7, 3, 6, 4, 5, 6, 4, 4, 7, 6]
id10012_2017-12-08
connect to profiles
{'users:users': '0,0,1,1,2,3,4,3,3,2,2,0,1,1,4,3,4,1,3,3,6,3,8,1', 'hits:hits': '0,0,1,1,2,3,4,3,3,2,2,0,1,1,4,3,4,1,3,3,6,3,8,1'}
profile_hits - [0, 0, 1, 1, 2, 3, 4, 3, 3, 2, 2, 0, 1, 1, 4, 3, 4, 1, 3, 3, 6, 3, 8, 1]
profile_users - [0, 0, 1, 1, 2, 3, 4, 3, 3, 2, 2, 0, 1, 1, 4, 3, 4, 1, 3, 3, 6, 3, 8, 1]
id10012_2017-12-09
connect to profiles
{'users:users': '5,2,1,1,1,2,2,1,2,1,4,2,2,5,4,0,6,3,1,4,6,4,1,5', 'hits:hits': '5,2,1,1,1,2,2,1,2,1,4,2,2,5,4,0,6,3,1,4,6,4,1,5'}
profile_hits - [5, 2, 1, 1, 1, 2, 2, 1, 2, 1, 4, 2, 2, 5, 4, 0, 6, 3, 1, 4, 6, 4, 1, 5]
profile_users - [5, 2, 1, 1, 1, 2, 2, 1, 2, 1, 4, 2, 2, 5, 4, 0, 6, 3, 1, 4, 6, 4, 1, 5]

##########
2017-12-12
ImmutableMultiDict([('date', u'2017-12-11'), ('user_ip', u'100.11.10.111'), ('profile_id', u'id10026'), ('start_date', u'2017-12-08'), ('end_date', u'2017-12-11')])
id10026_2017-12-08
connect to profiles
{'users:users': '5,2,3,1,2,0,3,0,1,2,1,1,4,1,2,2,1,5,4,7,5,3,2,4', 'hits:hits': '5,2,3,1,2,0,3,0,1,2,1,1,4,1,2,2,1,6,4,7,5,3,2,4'}
profile_hits - [5, 2, 3, 1, 2, 0, 3, 0, 1, 2, 1, 1, 4, 1, 2, 2, 1, 6, 4, 7, 5, 3, 2, 4]
profile_users - [5, 2, 3, 1, 2, 0, 3, 0, 1, 2, 1, 1, 4, 1, 2, 2, 1, 5, 4, 7, 5, 3, 2, 4]
id10026_2017-12-09
connect to profiles
{'users:users': '4,1,2,2,1,3,2,1,3,3,3,0,2,3,3,2,5,4,3,4,4,3,3,3', 'hits:hits': '4,1,2,2,1,3,2,1,3,3,3,0,2,3,3,2,5,4,3,4,4,3,3,3'}
profile_hits - [4, 1, 2, 2, 1, 3, 2, 1, 3, 3, 3, 0, 2, 3, 3, 2, 5, 4, 3, 4, 4, 3, 3, 3]
profile_users - [4, 1, 2, 2, 1, 3, 2, 1, 3, 3, 3, 0, 2, 3, 3, 2, 5, 4, 3, 4, 4, 3, 3, 3]
id10026_2017-12-10
connect to profiles
{'users:users': '2,2,1,2,2,2,0,1,3,1,0,0,1,4,1,2,3,2,3,3,3,2,0,1', 'hits:hits': '2,2,1,2,2,2,0,1,3,1,0,0,1,4,1,2,3,2,3,3,3,2,0,1'}
profile_hits - [2, 2, 1, 2, 2, 2, 0, 1, 3, 1, 0, 0, 1, 4, 1, 2, 3, 2, 3, 3, 3, 2, 0, 1]
profile_users - [2, 2, 1, 2, 2, 2, 0, 1, 3, 1, 0, 0, 1, 4, 1, 2, 3, 2, 3, 3, 3, 2, 0, 1]
id10026_2017-12-11
connect to profiles
{'users:users': '7,6,5,8,5,3,4,2,0,3,2,2,4,3,4,5,8,9,3,2,1,6,2,8', 'hits:hits': '7,6,5,8,5,3,4,2,0,3,2,2,4,3,4,5,8,9,3,2,1,6,2,8'}
profile_hits - [7, 6, 5, 8, 5, 3, 4, 2, 0, 3, 2, 2, 4, 3, 4, 5, 8, 9, 3, 2, 1, 6, 2, 8]
profile_users - [7, 6, 5, 8, 5, 3, 4, 2, 0, 3, 2, 2, 4, 3, 4, 5, 8, 9, 3, 2, 1, 6, 2, 8]

##########
2017-12-13
ImmutableMultiDict([('date', u'2017-12-12'), ('user_ip', u'9.20.100.231'), ('profile_id', u'id10027'), ('start_date', u'2017-12-09'), ('end_date', u'2017-12-12')])
id10027_2017-12-09
connect to profiles
{'users:users': '6,1,1,0,1,0,1,1,2,0,1,0,0,5,1,1,4,1,4,4,2,2,2,3', 'hits:hits': '6,1,1,0,1,0,1,1,2,0,1,0,0,5,1,1,4,1,4,4,2,2,2,3'}
profile_hits - [6, 1, 1, 0, 1, 0, 1, 1, 2, 0, 1, 0, 0, 5, 1, 1, 4, 1, 4, 4, 2, 2, 2, 3]
profile_users - [6, 1, 1, 0, 1, 0, 1, 1, 2, 0, 1, 0, 0, 5, 1, 1, 4, 1, 4, 4, 2, 2, 2, 3]
id10027_2017-12-10
connect to profiles
{'users:users': '4,3,1,1,2,1,3,1,0,2,0,1,1,1,2,3,0,0,3,0,3,2,4,3', 'hits:hits': '4,3,1,1,2,1,3,1,0,2,0,1,1,1,2,3,0,0,3,0,3,2,4,3'}
profile_hits - [4, 3, 1, 1, 2, 1, 3, 1, 0, 2, 0, 1, 1, 1, 2, 3, 0, 0, 3, 0, 3, 2, 4, 3]
profile_users - [4, 3, 1, 1, 2, 1, 3, 1, 0, 2, 0, 1, 1, 1, 2, 3, 0, 0, 3, 0, 3, 2, 4, 3]
id10027_2017-12-11
connect to profiles
{'users:users': '6,1,3,1,3,3,1,2,2,0,1,0,6,1,4,2,6,3,5,2,6,4,5,5', 'hits:hits': '6,1,3,1,3,3,1,2,2,0,1,0,6,1,4,2,6,3,5,2,6,4,5,5'}
profile_hits - [6, 1, 3, 1, 3, 3, 1, 2, 2, 0, 1, 0, 6, 1, 4, 2, 6, 3, 5, 2, 6, 4, 5, 5]
profile_users - [6, 1, 3, 1, 3, 3, 1, 2, 2, 0, 1, 0, 6, 1, 4, 2, 6, 3, 5, 2, 6, 4, 5, 5]
id10027_2017-12-12
connect to profiles
{'users:users': '2,11,6,9,4,1,5,3,2,3,2,0,1,7,2,6,4,4,2,5,4,8,7,3', 'hits:hits': '2,11,6,9,4,1,5,3,2,3,2,0,1,7,2,6,4,4,2,5,4,8,7,3'}
profile_hits - [2, 11, 6, 9, 4, 1, 5, 3, 2, 3, 2, 0, 1, 7, 2, 6, 4, 4, 2, 5, 4, 8, 7, 3]
profile_users - [2, 11, 6, 9, 4, 1, 5, 3, 2, 3, 2, 0, 1, 7, 2, 6, 4, 4, 2, 5, 4, 8, 7, 3]

##########
2017-12-14
ImmutableMultiDict([('date', u'2017-12-13'), ('user_ip', u'100.11.10.111'), ('profile_id', u'id10016'), ('start_date', u'2017-12-10'), ('end_date', u'2017-12-13')])
id10016_2017-12-10
connect to profiles
{'users:users': '6,2,2,1,0,2,0,1,2,0,1,0,2,2,2,2,5,0,3,1,2,2,1,1', 'hits:hits': '6,2,2,1,0,2,0,1,2,0,1,0,2,2,2,2,5,0,3,1,2,2,1,1'}
profile_hits - [6, 2, 2, 1, 0, 2, 0, 1, 2, 0, 1, 0, 2, 2, 2, 2, 5, 0, 3, 1, 2, 2, 1, 1]
profile_users - [6, 2, 2, 1, 0, 2, 0, 1, 2, 0, 1, 0, 2, 2, 2, 2, 5, 0, 3, 1, 2, 2, 1, 1]
id10016_2017-12-11
connect to profiles
{'users:users': '8,4,1,5,3,2,1,0,1,3,4,2,2,2,2,6,3,4,6,6,8,4,6,2', 'hits:hits': '8,4,1,5,3,2,1,0,1,3,4,2,2,2,2,6,3,4,6,6,8,4,6,2'}
profile_hits - [8, 4, 1, 5, 3, 2, 1, 0, 1, 3, 4, 2, 2, 2, 2, 6, 3, 4, 6, 6, 8, 4, 6, 2]
profile_users - [8, 4, 1, 5, 3, 2, 1, 0, 1, 3, 4, 2, 2, 2, 2, 6, 3, 4, 6, 6, 8, 4, 6, 2]
id10016_2017-12-12
connect to profiles
{'users:users': '5,3,3,5,3,2,1,2,0,1,3,3,4,4,0,5,1,5,7,5,6,8,6,4', 'hits:hits': '5,3,3,5,3,2,1,2,0,1,3,3,4,4,0,5,1,5,7,5,6,8,6,4'}
profile_hits - [5, 3, 3, 5, 3, 2, 1, 2, 0, 1, 3, 3, 4, 4, 0, 5, 1, 5, 7, 5, 6, 8, 6, 4]
profile_users - [5, 3, 3, 5, 3, 2, 1, 2, 0, 1, 3, 3, 4, 4, 0, 5, 1, 5, 7, 5, 6, 8, 6, 4]
id10016_2017-12-13
connect to profiles
{'users:users': '16,8,6,3,2,2,5,5,1,3,1,2,6,4,4,2,4,4,4,8,6,3,10,7', 'hits:hits': '16,8,6,3,2,2,5,5,1,3,1,2,6,4,4,2,4,4,4,8,6,3,10,7'}
profile_hits - [16, 8, 6, 3, 2, 2, 5, 5, 1, 3, 1, 2, 6, 4, 4, 2, 4, 4, 4, 8, 6, 3, 10, 7]
profile_users - [16, 8, 6, 3, 2, 2, 5, 5, 1, 3, 1, 2, 6, 4, 4, 2, 4, 4, 4, 8, 6, 3, 10, 7]

##########
2017-12-14
ImmutableMultiDict([('date', u'2017-12-06'), ('user_ip', u'100.43.82.127'), ('profile_id', u'id10012'), ('start_date', u'2017-12-06'), ('end_date', u'2017-12-06')])
id10012_2017-12-06
connect to profiles
{'users:users': '13,17,9,3,1,1,1,0,2,2,0,4,4,3,4,4,3,2,4,5,5,3,3,4', 'hits:hits': '13,17,9,3,1,1,1,0,2,2,0,4,4,3,4,4,3,2,5,5,5,3,3,4'}
profile_hits - [13, 17, 9, 3, 1, 1, 1, 0, 2, 2, 0, 4, 4, 3, 4, 4, 3, 2, 5, 5, 5, 3, 3, 4]
profile_users - [13, 17, 9, 3, 1, 1, 1, 0, 2, 2, 0, 4, 4, 3, 4, 4, 3, 2, 4, 5, 5, 3, 3, 4]
100.43.82.127_2017-12-06
connect to users
{'profiles:profiles': 'id55093,id15147,id27008,id70193,id49534,id80667,id76204,id47685,id42470,id35874,id52661,id90662,id71882,id79106,id86501,id11725,id65401,id44200,id89869,id46480,id22120,id88564,id35259,id36755,id71672,id10194,id56357,id50078,id92173,id45082,id27323,id31542,id72543,id96705,id51037,id58830,id75230,id74322,id97812,id77717,id93293,id74795,id16417,id98034,id94697'}
most visited profiles - ['id55093', 'id15147', 'id27008', 'id70193', 'id49534', 'id80667', 'id76204', 'id47685', 'id42470', 'id35874', 'id52661', 'id90662', 'id71882', 'id79106', 'id86501', 'id11725', 'id65401', 'id44200', 'id89869', 'id46480', 'id22120', 'id88564', 'id35259', 'id36755', 'id71672', 'id10194', 'id56357', 'id50078', 'id92173', 'id45082', 'id27323', 'id31542', 'id72543', 'id96705', 'id51037', 'id58830', 'id75230', 'id74322', 'id97812', 'id77717', 'id93293', 'id74795', 'id16417', 'id98034', 'id94697']

##########
2017-12-15
ImmutableMultiDict([('date', u'2017-12-06'), ('user_ip', u'100.43.82.127'), ('profile_id', u'id10012'), ('start_date', u'2017-12-06'), ('end_date', u'2017-12-06')])
id10012_2017-12-06
connect to profiles
{'users:users': '13,17,9,3,1,1,1,0,2,2,0,4,4,3,4,4,3,2,4,5,5,3,3,4', 'hits:hits': '13,17,9,3,1,1,1,0,2,2,0,4,4,3,4,4,3,2,5,5,5,3,3,4'}
profile_hits - [13, 17, 9, 3, 1, 1, 1, 0, 2, 2, 0, 4, 4, 3, 4, 4, 3, 2, 5, 5, 5, 3, 3, 4]
profile_users - [13, 17, 9, 3, 1, 1, 1, 0, 2, 2, 0, 4, 4, 3, 4, 4, 3, 2, 4, 5, 5, 3, 3, 4]
100.43.82.127_2017-12-06
connect to users
{'profiles:profiles': 'id55093,id15147,id27008,id70193,id49534,id80667,id76204,id47685,id42470,id35874,id52661,id90662,id71882,id79106,id86501,id11725,id65401,id44200,id89869,id46480,id22120,id88564,id35259,id36755,id71672,id10194,id56357,id50078,id92173,id45082,id27323,id31542,id72543,id96705,id51037,id58830,id75230,id74322,id97812,id77717,id93293,id74795,id16417,id98034,id94697'}
most visited profiles - ['id55093', 'id15147', 'id27008', 'id70193', 'id49534', 'id80667', 'id76204', 'id47685', 'id42470', 'id35874', 'id52661', 'id90662', 'id71882', 'id79106', 'id86501', 'id11725', 'id65401', 'id44200', 'id89869', 'id46480', 'id22120', 'id88564', 'id35259', 'id36755', 'id71672', 'id10194', 'id56357', 'id50078', 'id92173', 'id45082', 'id27323', 'id31542', 'id72543', 'id96705', 'id51037', 'id58830', 'id75230', 'id74322', 'id97812', 'id77717', 'id93293', 'id74795', 'id16417', 'id98034', 'id94697']

##########
2017-12-15
ImmutableMultiDict([('date', u'2017-12-06'), ('user_ip', u'100.43.82.127'), ('profile_id', u'id10012'), ('start_date', u'2017-12-09'), ('end_date', u'2017-12-14')])
id10012_2017-12-09
connect to profiles
{'users:users': '5,2,1,1,1,2,2,1,2,1,4,2,2,5,4,0,6,3,1,4,6,4,1,5', 'hits:hits': '5,2,1,1,1,2,2,1,2,1,4,2,2,5,4,0,6,3,1,4,6,4,1,5'}
profile_hits - [5, 2, 1, 1, 1, 2, 2, 1, 2, 1, 4, 2, 2, 5, 4, 0, 6, 3, 1, 4, 6, 4, 1, 5]
profile_users - [5, 2, 1, 1, 1, 2, 2, 1, 2, 1, 4, 2, 2, 5, 4, 0, 6, 3, 1, 4, 6, 4, 1, 5]
100.43.82.127_2017-12-09
connect to users
{'profiles:profiles': 'id10455,id19517,id39048,id50078,id51053,id55619,id73683'}
most visited profiles - ['id10455', 'id19517', 'id39048', 'id50078', 'id51053', 'id55619', 'id73683']
id10012_2017-12-10
connect to profiles
{'users:users': '5,0,4,2,1,1,0,3,1,2,1,1,2,1,2,1,5,3,3,1,3,3,1,3', 'hits:hits': '5,0,4,2,1,1,0,3,1,2,1,1,2,1,2,1,5,3,3,1,3,3,1,3'}
profile_hits - [5, 0, 4, 2, 1, 1, 0, 3, 1, 2, 1, 1, 2, 1, 2, 1, 5, 3, 3, 1, 3, 3, 1, 3]
profile_users - [5, 0, 4, 2, 1, 1, 0, 3, 1, 2, 1, 1, 2, 1, 2, 1, 5, 3, 3, 1, 3, 3, 1, 3]
100.43.82.127_2017-12-10
connect to users
{'profiles:profiles': 'id19517,id50078'}
most visited profiles - ['id19517', 'id50078']
id10012_2017-12-11
connect to profiles
{'users:users': '8,3,8,3,5,3,0,0,0,2,3,1,2,2,4,2,5,5,4,7,3,5,2,3', 'hits:hits': '8,3,8,3,5,3,0,0,0,2,3,1,2,2,4,2,5,5,5,8,3,5,2,3'}
profile_hits - [8, 3, 8, 3, 5, 3, 0, 0, 0, 2, 3, 1, 2, 2, 4, 2, 5, 5, 5, 8, 3, 5, 2, 3]
profile_users - [8, 3, 8, 3, 5, 3, 0, 0, 0, 2, 3, 1, 2, 2, 4, 2, 5, 5, 4, 7, 3, 5, 2, 3]
100.43.82.127_2017-12-11
connect to users
{'profiles:profiles': 'id12917,id19517,id90662'}
most visited profiles - ['id12917', 'id19517', 'id90662']
id10012_2017-12-12
connect to profiles
{'users:users': '5,5,2,3,0,4,2,0,2,2,1,3,1,4,5,3,3,3,4,5,6,6,6,9', 'hits:hits': '5,5,2,3,0,4,2,0,2,2,1,3,1,4,5,3,3,3,4,5,6,6,6,9'}
profile_hits - [5, 5, 2, 3, 0, 4, 2, 0, 2, 2, 1, 3, 1, 4, 5, 3, 3, 3, 4, 5, 6, 6, 6, 9]
profile_users - [5, 5, 2, 3, 0, 4, 2, 0, 2, 2, 1, 3, 1, 4, 5, 3, 3, 3, 4, 5, 6, 6, 6, 9]
100.43.82.127_2017-12-12
connect to users
{'profiles:profiles': 'id50078'}
most visited profiles - ['id50078']
id10012_2017-12-13
connect to profiles
{'users:users': '13,3,8,4,1,3,3,3,1,1,3,5,3,3,4,9,7,4,8,10,2,7,1,5', 'hits:hits': '13,3,8,4,1,3,3,3,1,1,3,5,3,3,4,9,7,4,8,10,2,7,1,5'}
profile_hits - [13, 3, 8, 4, 1, 3, 3, 3, 1, 1, 3, 5, 3, 3, 4, 9, 7, 4, 8, 10, 2, 7, 1, 5]
profile_users - [13, 3, 8, 4, 1, 3, 3, 3, 1, 1, 3, 5, 3, 3, 4, 9, 7, 4, 8, 10, 2, 7, 1, 5]
100.43.82.127_2017-12-13
connect to users
{'profiles:profiles': 'id12917'}
most visited profiles - ['id12917']
id10012_2017-12-14
connect to profiles
{'users:users': '13,3,3,2,2,4,2,3,1,0,0,0,1,2,3,3,5,1,5,1,6,3,3,7', 'hits:hits': '13,3,3,2,2,4,2,3,1,0,0,0,1,2,3,3,5,1,5,1,6,3,3,7'}
profile_hits - [13, 3, 3, 2, 2, 4, 2, 3, 1, 0, 0, 0, 1, 2, 3, 3, 5, 1, 5, 1, 6, 3, 3, 7]
profile_users - [13, 3, 3, 2, 2, 4, 2, 3, 1, 0, 0, 0, 1, 2, 3, 3, 5, 1, 5, 1, 6, 3, 3, 7]
100.43.82.127_2017-12-14
connect to users
{}

##########
2017-12-15
ImmutableMultiDict([('date', u'2017-12-09'), ('user_ip', u'100.11.10.111'), ('profile_id', u'id10026'), ('start_date', u'2017-12-09'), ('end_date', u'2017-12-14')])
id10026_2017-12-09
connect to profiles
{'users:users': '4,1,2,2,1,3,2,1,3,3,3,0,2,3,3,2,5,4,3,4,4,3,3,3', 'hits:hits': '4,1,2,2,1,3,2,1,3,3,3,0,2,3,3,2,5,4,3,4,4,3,3,3'}
profile_hits - [4, 1, 2, 2, 1, 3, 2, 1, 3, 3, 3, 0, 2, 3, 3, 2, 5, 4, 3, 4, 4, 3, 3, 3]
profile_users - [4, 1, 2, 2, 1, 3, 2, 1, 3, 3, 3, 0, 2, 3, 3, 2, 5, 4, 3, 4, 4, 3, 3, 3]
100.11.10.111_2017-12-09
connect to users
{'profiles:profiles': 'id47036,id74625,id80153,id86038'}
most visited profiles - ['id47036', 'id74625', 'id80153', 'id86038']
id10026_2017-12-10
connect to profiles
{'users:users': '2,2,1,2,2,2,0,1,3,1,0,0,1,4,1,2,3,2,3,3,3,2,0,1', 'hits:hits': '2,2,1,2,2,2,0,1,3,1,0,0,1,4,1,2,3,2,3,3,3,2,0,1'}
profile_hits - [2, 2, 1, 2, 2, 2, 0, 1, 3, 1, 0, 0, 1, 4, 1, 2, 3, 2, 3, 3, 3, 2, 0, 1]
profile_users - [2, 2, 1, 2, 2, 2, 0, 1, 3, 1, 0, 0, 1, 4, 1, 2, 3, 2, 3, 3, 3, 2, 0, 1]
100.11.10.111_2017-12-10
connect to users
{'profiles:profiles': 'id15719'}
most visited profiles - ['id15719']
id10026_2017-12-11
connect to profiles
{'users:users': '7,6,5,8,5,3,4,2,0,3,2,2,4,3,4,5,8,9,3,2,1,6,2,8', 'hits:hits': '7,6,5,8,5,3,4,2,0,3,2,2,4,3,4,5,8,9,3,2,1,6,2,8'}
profile_hits - [7, 6, 5, 8, 5, 3, 4, 2, 0, 3, 2, 2, 4, 3, 4, 5, 8, 9, 3, 2, 1, 6, 2, 8]
profile_users - [7, 6, 5, 8, 5, 3, 4, 2, 0, 3, 2, 2, 4, 3, 4, 5, 8, 9, 3, 2, 1, 6, 2, 8]
100.11.10.111_2017-12-11
connect to users
{'profiles:profiles': 'id40364,id47036'}
most visited profiles - ['id40364', 'id47036']
id10026_2017-12-12
connect to profiles
{'users:users': '3,4,2,5,4,1,0,1,2,0,5,2,6,4,2,7,7,0,2,4,7,4,7,4', 'hits:hits': '3,4,2,5,4,1,0,1,2,0,5,2,6,4,2,7,7,0,2,4,7,4,7,4'}
profile_hits - [3, 4, 2, 5, 4, 1, 0, 1, 2, 0, 5, 2, 6, 4, 2, 7, 7, 0, 2, 4, 7, 4, 7, 4]
profile_users - [3, 4, 2, 5, 4, 1, 0, 1, 2, 0, 5, 2, 6, 4, 2, 7, 7, 0, 2, 4, 7, 4, 7, 4]
100.11.10.111_2017-12-12
connect to users
{'profiles:profiles': 'id15719'}
most visited profiles - ['id15719']
id10026_2017-12-13
connect to profiles
{'users:users': '14,5,6,5,4,4,2,4,1,3,3,4,5,2,4,3,6,2,4,6,6,6,6,3', 'hits:hits': '14,5,6,5,4,4,2,4,1,3,3,4,5,2,4,3,6,2,4,6,6,6,6,3'}
profile_hits - [14, 5, 6, 5, 4, 4, 2, 4, 1, 3, 3, 4, 5, 2, 4, 3, 6, 2, 4, 6, 6, 6, 6, 3]
profile_users - [14, 5, 6, 5, 4, 4, 2, 4, 1, 3, 3, 4, 5, 2, 4, 3, 6, 2, 4, 6, 6, 6, 6, 3]
100.11.10.111_2017-12-13
connect to users
{'profiles:profiles': 'id14180,id47036,id58549,id74625'}
most visited profiles - ['id14180', 'id47036', 'id58549', 'id74625']
id10026_2017-12-14
connect to profiles
{'users:users': '13,2,3,2,4,2,0,2,3,1,2,1,4,4,5,4,3,4,7,5,3,4,4,9', 'hits:hits': '13,2,3,2,4,2,0,2,3,1,2,1,4,4,5,4,3,4,7,5,3,4,4,9'}
profile_hits - [13, 2, 3, 2, 4, 2, 0, 2, 3, 1, 2, 1, 4, 4, 5, 4, 3, 4, 7, 5, 3, 4, 4, 9]
profile_users - [13, 2, 3, 2, 4, 2, 0, 2, 3, 1, 2, 1, 4, 4, 5, 4, 3, 4, 7, 5, 3, 4, 4, 9]
100.11.10.111_2017-12-14
connect to users
{}

##########
2017-12-15
ImmutableMultiDict([('date', u'2017-12-09'), ('user_ip', u'100.11.10.111'), ('profile_id', u'id10026'), ('start_date', u'2017-12-09'), ('end_date', u'2017-12-14')])
id10026_2017-12-09
connect to profiles
{'users:users': '4,1,2,2,1,3,2,1,3,3,3,0,2,3,3,2,5,4,3,4,4,3,3,3', 'hits:hits': '4,1,2,2,1,3,2,1,3,3,3,0,2,3,3,2,5,4,3,4,4,3,3,3'}
profile_hits - [4, 1, 2, 2, 1, 3, 2, 1, 3, 3, 3, 0, 2, 3, 3, 2, 5, 4, 3, 4, 4, 3, 3, 3]
profile_users - [4, 1, 2, 2, 1, 3, 2, 1, 3, 3, 3, 0, 2, 3, 3, 2, 5, 4, 3, 4, 4, 3, 3, 3]
100.11.10.111_2017-12-09
connect to users
{'profiles:profiles': 'id47036,id74625,id80153,id86038'}
most visited profiles - ['id47036', 'id74625', 'id80153', 'id86038']
id10026_2017-12-10
connect to profiles
{'users:users': '2,2,1,2,2,2,0,1,3,1,0,0,1,4,1,2,3,2,3,3,3,2,0,1', 'hits:hits': '2,2,1,2,2,2,0,1,3,1,0,0,1,4,1,2,3,2,3,3,3,2,0,1'}
profile_hits - [2, 2, 1, 2, 2, 2, 0, 1, 3, 1, 0, 0, 1, 4, 1, 2, 3, 2, 3, 3, 3, 2, 0, 1]
profile_users - [2, 2, 1, 2, 2, 2, 0, 1, 3, 1, 0, 0, 1, 4, 1, 2, 3, 2, 3, 3, 3, 2, 0, 1]
100.11.10.111_2017-12-10
connect to users
{'profiles:profiles': 'id15719'}
most visited profiles - ['id15719']
id10026_2017-12-11
connect to profiles
{'users:users': '7,6,5,8,5,3,4,2,0,3,2,2,4,3,4,5,8,9,3,2,1,6,2,8', 'hits:hits': '7,6,5,8,5,3,4,2,0,3,2,2,4,3,4,5,8,9,3,2,1,6,2,8'}
profile_hits - [7, 6, 5, 8, 5, 3, 4, 2, 0, 3, 2, 2, 4, 3, 4, 5, 8, 9, 3, 2, 1, 6, 2, 8]
profile_users - [7, 6, 5, 8, 5, 3, 4, 2, 0, 3, 2, 2, 4, 3, 4, 5, 8, 9, 3, 2, 1, 6, 2, 8]
100.11.10.111_2017-12-11
connect to users
{'profiles:profiles': 'id40364,id47036'}
most visited profiles - ['id40364', 'id47036']
id10026_2017-12-12
connect to profiles
{'users:users': '3,4,2,5,4,1,0,1,2,0,5,2,6,4,2,7,7,0,2,4,7,4,7,4', 'hits:hits': '3,4,2,5,4,1,0,1,2,0,5,2,6,4,2,7,7,0,2,4,7,4,7,4'}
profile_hits - [3, 4, 2, 5, 4, 1, 0, 1, 2, 0, 5, 2, 6, 4, 2, 7, 7, 0, 2, 4, 7, 4, 7, 4]
profile_users - [3, 4, 2, 5, 4, 1, 0, 1, 2, 0, 5, 2, 6, 4, 2, 7, 7, 0, 2, 4, 7, 4, 7, 4]
100.11.10.111_2017-12-12
connect to users
{'profiles:profiles': 'id15719'}
most visited profiles - ['id15719']
id10026_2017-12-13
connect to profiles
{'users:users': '14,5,6,5,4,4,2,4,1,3,3,4,5,2,4,3,6,2,4,6,6,6,6,3', 'hits:hits': '14,5,6,5,4,4,2,4,1,3,3,4,5,2,4,3,6,2,4,6,6,6,6,3'}
profile_hits - [14, 5, 6, 5, 4, 4, 2, 4, 1, 3, 3, 4, 5, 2, 4, 3, 6, 2, 4, 6, 6, 6, 6, 3]
profile_users - [14, 5, 6, 5, 4, 4, 2, 4, 1, 3, 3, 4, 5, 2, 4, 3, 6, 2, 4, 6, 6, 6, 6, 3]
100.11.10.111_2017-12-13
connect to users
{'profiles:profiles': 'id14180,id47036,id58549,id74625'}
most visited profiles - ['id14180', 'id47036', 'id58549', 'id74625']
id10026_2017-12-14
connect to profiles
{'users:users': '13,2,3,2,4,2,0,2,3,1,2,1,4,4,5,4,3,4,7,5,3,4,4,9', 'hits:hits': '13,2,3,2,4,2,0,2,3,1,2,1,4,4,5,4,3,4,7,5,3,4,4,9'}
profile_hits - [13, 2, 3, 2, 4, 2, 0, 2, 3, 1, 2, 1, 4, 4, 5, 4, 3, 4, 7, 5, 3, 4, 4, 9]
profile_users - [13, 2, 3, 2, 4, 2, 0, 2, 3, 1, 2, 1, 4, 4, 5, 4, 3, 4, 7, 5, 3, 4, 4, 9]
100.11.10.111_2017-12-14
connect to users
{}

##########
2017-12-15
ImmutableMultiDict([('date', u'2017-12-14'), ('user_ip', u'100.11.10.111'), ('profile_id', u'id10005'), ('start_date', u'2017-12-11'), ('end_date', u'2017-12-14')])
id10005_2017-12-11
connect to profiles
{'users:users': '2,7,2,3,5,4,2,2,1,0,6,1,2,3,3,3,4,3,4,5,1,8,1,3', 'hits:hits': '2,7,2,3,5,4,2,2,1,0,6,1,2,3,3,3,4,3,4,5,1,8,1,3'}
profile_hits - [2, 7, 2, 3, 5, 4, 2, 2, 1, 0, 6, 1, 2, 3, 3, 3, 4, 3, 4, 5, 1, 8, 1, 3]
profile_users - [2, 7, 2, 3, 5, 4, 2, 2, 1, 0, 6, 1, 2, 3, 3, 3, 4, 3, 4, 5, 1, 8, 1, 3]
100.11.10.111_2017-12-11
connect to users
{'profiles:profiles': 'id40364,id47036'}
most visited profiles - ['id40364', 'id47036']
id10005_2017-12-12
connect to profiles
{'users:users': '5,6,2,3,3,0,2,2,3,0,1,5,2,3,6,4,5,6,3,7,6,10,5,4', 'hits:hits': '5,6,2,3,3,0,2,2,3,0,1,5,2,3,6,4,5,6,3,7,6,10,5,4'}
profile_hits - [5, 6, 2, 3, 3, 0, 2, 2, 3, 0, 1, 5, 2, 3, 6, 4, 5, 6, 3, 7, 6, 10, 5, 4]
profile_users - [5, 6, 2, 3, 3, 0, 2, 2, 3, 0, 1, 5, 2, 3, 6, 4, 5, 6, 3, 7, 6, 10, 5, 4]
100.11.10.111_2017-12-12
connect to users
{'profiles:profiles': 'id15719'}
most visited profiles - ['id15719']
id10005_2017-12-13
connect to profiles
{'users:users': '4,5,4,1,3,0,2,1,3,2,2,3,0,5,5,5,1,8,3,8,5,6,6,5', 'hits:hits': '4,5,4,1,3,0,2,1,3,2,2,3,0,5,5,5,1,8,3,8,5,6,6,5'}
profile_hits - [4, 5, 4, 1, 3, 0, 2, 1, 3, 2, 2, 3, 0, 5, 5, 5, 1, 8, 3, 8, 5, 6, 6, 5]
profile_users - [4, 5, 4, 1, 3, 0, 2, 1, 3, 2, 2, 3, 0, 5, 5, 5, 1, 8, 3, 8, 5, 6, 6, 5]
100.11.10.111_2017-12-13
connect to users
{'profiles:profiles': 'id14180,id47036,id58549,id74625'}
most visited profiles - ['id14180', 'id47036', 'id58549', 'id74625']
id10005_2017-12-14
connect to profiles
{'users:users': '17,4,5,4,1,0,5,2,1,1,3,4,1,1,6,4,4,10,4,7,7,2,4,5', 'hits:hits': '17,4,5,4,1,0,5,2,1,1,3,4,1,1,6,4,4,10,4,7,7,2,4,5'}
profile_hits - [17, 4, 5, 4, 1, 0, 5, 2, 1, 1, 3, 4, 1, 1, 6, 4, 4, 10, 4, 7, 7, 2, 4, 5]
profile_users - [17, 4, 5, 4, 1, 0, 5, 2, 1, 1, 3, 4, 1, 1, 6, 4, 4, 10, 4, 7, 7, 2, 4, 5]
100.11.10.111_2017-12-14
connect to users
{}

##########
2017-12-16
ImmutableMultiDict([('date', u'2017-12-14'), ('user_ip', u'31.10.0.101'), ('profile_id', u'id10005'), ('start_date', u'2017-12-11'), ('end_date', u'2017-12-14')])
id10005_2017-12-11
connect to profiles
{'users:users': '2,7,2,3,5,4,2,2,1,0,6,1,2,3,3,3,4,3,4,5,1,8,1,3', 'hits:hits': '2,7,2,3,5,4,2,2,1,0,6,1,2,3,3,3,4,3,4,5,1,8,1,3'}
profile_hits - [2, 7, 2, 3, 5, 4, 2, 2, 1, 0, 6, 1, 2, 3, 3, 3, 4, 3, 4, 5, 1, 8, 1, 3]
profile_users - [2, 7, 2, 3, 5, 4, 2, 2, 1, 0, 6, 1, 2, 3, 3, 3, 4, 3, 4, 5, 1, 8, 1, 3]
31.10.0.101_2017-12-11
connect to users
{'profiles:profiles': 'id17440,id65830,id90020'}
most visited profiles - ['id17440', 'id65830', 'id90020']
id10005_2017-12-12
connect to profiles
{'users:users': '5,6,2,3,3,0,2,2,3,0,1,5,2,3,6,4,5,6,3,7,6,10,5,4', 'hits:hits': '5,6,2,3,3,0,2,2,3,0,1,5,2,3,6,4,5,6,3,7,6,10,5,4'}
profile_hits - [5, 6, 2, 3, 3, 0, 2, 2, 3, 0, 1, 5, 2, 3, 6, 4, 5, 6, 3, 7, 6, 10, 5, 4]
profile_users - [5, 6, 2, 3, 3, 0, 2, 2, 3, 0, 1, 5, 2, 3, 6, 4, 5, 6, 3, 7, 6, 10, 5, 4]
31.10.0.101_2017-12-12
connect to users
{}
id10005_2017-12-13
connect to profiles
{'users:users': '4,5,4,1,3,0,2,1,3,2,2,3,0,5,5,5,1,8,3,8,5,6,6,5', 'hits:hits': '4,5,4,1,3,0,2,1,3,2,2,3,0,5,5,5,1,8,3,8,5,6,6,5'}
profile_hits - [4, 5, 4, 1, 3, 0, 2, 1, 3, 2, 2, 3, 0, 5, 5, 5, 1, 8, 3, 8, 5, 6, 6, 5]
profile_users - [4, 5, 4, 1, 3, 0, 2, 1, 3, 2, 2, 3, 0, 5, 5, 5, 1, 8, 3, 8, 5, 6, 6, 5]
31.10.0.101_2017-12-13
connect to users
{'profiles:profiles': 'id17440,id52501'}
most visited profiles - ['id17440', 'id52501']
id10005_2017-12-14
connect to profiles
{'users:users': '17,4,5,4,1,0,5,2,1,1,3,4,1,1,6,4,4,10,4,7,7,2,4,5', 'hits:hits': '17,4,5,4,1,0,5,2,1,1,3,4,1,1,6,4,4,10,4,7,7,2,4,5'}
profile_hits - [17, 4, 5, 4, 1, 0, 5, 2, 1, 1, 3, 4, 1, 1, 6, 4, 4, 10, 4, 7, 7, 2, 4, 5]
profile_users - [17, 4, 5, 4, 1, 0, 5, 2, 1, 1, 3, 4, 1, 1, 6, 4, 4, 10, 4, 7, 7, 2, 4, 5]
31.10.0.101_2017-12-14
connect to users
{}

##########
2017-12-16
ImmutableMultiDict([('date', u'2017-12-13'), ('user_ip', u'2.0.111.88'), ('profile_id', u'id10016'), ('start_date', u'2017-12-10'), ('end_date', u'2017-12-13')])
id10016_2017-12-10
connect to profiles
{'users:users': '6,2,2,1,0,2,0,1,2,0,1,0,2,2,2,2,5,0,3,1,2,2,1,1', 'hits:hits': '6,2,2,1,0,2,0,1,2,0,1,0,2,2,2,2,5,0,3,1,2,2,1,1'}
profile_hits - [6, 2, 2, 1, 0, 2, 0, 1, 2, 0, 1, 0, 2, 2, 2, 2, 5, 0, 3, 1, 2, 2, 1, 1]
profile_users - [6, 2, 2, 1, 0, 2, 0, 1, 2, 0, 1, 0, 2, 2, 2, 2, 5, 0, 3, 1, 2, 2, 1, 1]
2.0.111.88_2017-12-10
connect to users
{}
id10016_2017-12-11
connect to profiles
{'users:users': '8,4,1,5,3,2,1,0,1,3,4,2,2,2,2,6,3,4,6,6,8,4,6,2', 'hits:hits': '8,4,1,5,3,2,1,0,1,3,4,2,2,2,2,6,3,4,6,6,8,4,6,2'}
profile_hits - [8, 4, 1, 5, 3, 2, 1, 0, 1, 3, 4, 2, 2, 2, 2, 6, 3, 4, 6, 6, 8, 4, 6, 2]
profile_users - [8, 4, 1, 5, 3, 2, 1, 0, 1, 3, 4, 2, 2, 2, 2, 6, 3, 4, 6, 6, 8, 4, 6, 2]
2.0.111.88_2017-12-11
connect to users
{}
id10016_2017-12-12
connect to profiles
{'users:users': '5,3,3,5,3,2,1,2,0,1,3,3,4,4,0,5,1,5,7,5,6,8,6,4', 'hits:hits': '5,3,3,5,3,2,1,2,0,1,3,3,4,4,0,5,1,5,7,5,6,8,6,4'}
profile_hits - [5, 3, 3, 5, 3, 2, 1, 2, 0, 1, 3, 3, 4, 4, 0, 5, 1, 5, 7, 5, 6, 8, 6, 4]
profile_users - [5, 3, 3, 5, 3, 2, 1, 2, 0, 1, 3, 3, 4, 4, 0, 5, 1, 5, 7, 5, 6, 8, 6, 4]
2.0.111.88_2017-12-12
connect to users
{'profiles:profiles': 'id21259,id22050,id23507,id23719,id28369,id34238,id41070,id44828,id50975,id63616,id82011,id82478,id92160,id96758'}
most visited profiles - ['id21259', 'id22050', 'id23507', 'id23719', 'id28369', 'id34238', 'id41070', 'id44828', 'id50975', 'id63616', 'id82011', 'id82478', 'id92160', 'id96758']
id10016_2017-12-13
connect to profiles
{'users:users': '16,8,6,3,2,2,5,5,1,3,1,2,6,4,4,2,4,4,4,8,6,3,10,7', 'hits:hits': '16,8,6,3,2,2,5,5,1,3,1,2,6,4,4,2,4,4,4,8,6,3,10,7'}
profile_hits - [16, 8, 6, 3, 2, 2, 5, 5, 1, 3, 1, 2, 6, 4, 4, 2, 4, 4, 4, 8, 6, 3, 10, 7]
profile_users - [16, 8, 6, 3, 2, 2, 5, 5, 1, 3, 1, 2, 6, 4, 4, 2, 4, 4, 4, 8, 6, 3, 10, 7]
2.0.111.88_2017-12-13
connect to users
{'profiles:profiles': 'id35890,id58902'}
most visited profiles - ['id35890', 'id58902']

##########
2017-12-16
ImmutableMultiDict([('date', u'2017-12-07'), ('user_ip', u'5.1.120.84'), ('profile_id', u'id10003'), ('start_date', u'2017-12-04'), ('end_date', u'2017-12-07')])
id10003_2017-12-04
connect to profiles
{}
5.1.120.84_2017-12-04
connect to users
{}
id10003_2017-12-05
connect to profiles
{}
5.1.120.84_2017-12-05
connect to users
{}
id10003_2017-12-06
connect to profiles
{'users:users': '26,14,11,0,11,3,1,2,1,1,1,1,2,2,3,1,3,5,3,6,5,5,9,6', 'hits:hits': '27,15,11,0,11,3,1,2,1,1,1,1,2,2,3,1,3,5,3,6,5,5,9,6'}
profile_hits - [27, 15, 11, 0, 11, 3, 1, 2, 1, 1, 1, 1, 2, 2, 3, 1, 3, 5, 3, 6, 5, 5, 9, 6]
profile_users - [26, 14, 11, 0, 11, 3, 1, 2, 1, 1, 1, 1, 2, 2, 3, 1, 3, 5, 3, 6, 5, 5, 9, 6]
5.1.120.84_2017-12-06
connect to users
{}
id10003_2017-12-07
connect to profiles
{'users:users': '22,20,7,6,4,2,1,2,2,0,1,3,4,4,2,2,8,3,5,6,6,5,6,4', 'hits:hits': '22,20,7,6,4,2,1,2,2,0,1,3,4,4,2,2,8,3,5,6,6,5,6,4'}
profile_hits - [22, 20, 7, 6, 4, 2, 1, 2, 2, 0, 1, 3, 4, 4, 2, 2, 8, 3, 5, 6, 6, 5, 6, 4]
profile_users - [22, 20, 7, 6, 4, 2, 1, 2, 2, 0, 1, 3, 4, 4, 2, 2, 8, 3, 5, 6, 6, 5, 6, 4]
5.1.120.84_2017-12-07
connect to users
{'profiles:profiles': 'id61112'}
most visited profiles - ['id61112']

##########
2017-12-16
ImmutableMultiDict([('date', u'2017-12-07'), ('user_ip', u'4.169.128.112'), ('profile_id', u'id10003'), ('start_date', u'2017-12-04'), ('end_date', u'2017-12-07')])
id10003_2017-12-04
connect to profiles
{}
4.169.128.112_2017-12-04
connect to users
{}
id10003_2017-12-05
connect to profiles
{}
4.169.128.112_2017-12-05
connect to users
{}
id10003_2017-12-06
connect to profiles
{'users:users': '26,14,11,0,11,3,1,2,1,1,1,1,2,2,3,1,3,5,3,6,5,5,9,6', 'hits:hits': '27,15,11,0,11,3,1,2,1,1,1,1,2,2,3,1,3,5,3,6,5,5,9,6'}
profile_hits - [27, 15, 11, 0, 11, 3, 1, 2, 1, 1, 1, 1, 2, 2, 3, 1, 3, 5, 3, 6, 5, 5, 9, 6]
profile_users - [26, 14, 11, 0, 11, 3, 1, 2, 1, 1, 1, 1, 2, 2, 3, 1, 3, 5, 3, 6, 5, 5, 9, 6]
4.169.128.112_2017-12-06
connect to users
{'profiles:profiles': 'id14115,id72107,id87974'}
most visited profiles - ['id14115', 'id72107', 'id87974']
id10003_2017-12-07
connect to profiles
{'users:users': '22,20,7,6,4,2,1,2,2,0,1,3,4,4,2,2,8,3,5,6,6,5,6,4', 'hits:hits': '22,20,7,6,4,2,1,2,2,0,1,3,4,4,2,2,8,3,5,6,6,5,6,4'}
profile_hits - [22, 20, 7, 6, 4, 2, 1, 2, 2, 0, 1, 3, 4, 4, 2, 2, 8, 3, 5, 6, 6, 5, 6, 4]
profile_users - [22, 20, 7, 6, 4, 2, 1, 2, 2, 0, 1, 3, 4, 4, 2, 2, 8, 3, 5, 6, 6, 5, 6, 4]
4.169.128.112_2017-12-07
connect to users
{'profiles:profiles': 'id27493'}
most visited profiles - ['id27493']

##########
2017-12-16
ImmutableMultiDict([('date', u'2017-12-15'), ('user_ip', u'31.10.0.110'), ('profile_id', u'id10035'), ('start_date', u'2017-12-12'), ('end_date', u'2017-12-15')])
id10035_2017-12-12
connect to profiles
{'users:users': '1,4,2,2,1,3,1,1,1,4,1,1,3,2,3,1,4,6,3,3,7,2,4,4', 'hits:hits': '1,4,2,2,1,3,1,1,1,4,1,1,3,2,3,1,4,6,3,3,7,2,4,4'}
profile_hits - [1, 4, 2, 2, 1, 3, 1, 1, 1, 4, 1, 1, 3, 2, 3, 1, 4, 6, 3, 3, 7, 2, 4, 4]
profile_users - [1, 4, 2, 2, 1, 3, 1, 1, 1, 4, 1, 1, 3, 2, 3, 1, 4, 6, 3, 3, 7, 2, 4, 4]
31.10.0.110_2017-12-12
connect to users
{}
id10035_2017-12-13
connect to profiles
{'users:users': '11,5,4,2,2,2,1,5,1,1,0,3,1,1,7,4,5,9,5,8,6,6,5,4', 'hits:hits': '11,5,4,2,2,2,1,5,1,1,0,3,1,1,7,4,5,9,5,8,6,6,5,4'}
profile_hits - [11, 5, 4, 2, 2, 2, 1, 5, 1, 1, 0, 3, 1, 1, 7, 4, 5, 9, 5, 8, 6, 6, 5, 4]
profile_users - [11, 5, 4, 2, 2, 2, 1, 5, 1, 1, 0, 3, 1, 1, 7, 4, 5, 9, 5, 8, 6, 6, 5, 4]
31.10.0.110_2017-12-13
connect to users
{}
id10035_2017-12-14
connect to profiles
{'users:users': '12,8,6,4,2,4,2,3,1,1,4,5,4,1,7,2,1,4,3,2,6,3,3,5', 'hits:hits': '12,8,6,4,2,4,2,3,1,1,4,5,4,1,7,2,1,4,3,2,6,3,3,5'}
profile_hits - [12, 8, 6, 4, 2, 4, 2, 3, 1, 1, 4, 5, 4, 1, 7, 2, 1, 4, 3, 2, 6, 3, 3, 5]
profile_users - [12, 8, 6, 4, 2, 4, 2, 3, 1, 1, 4, 5, 4, 1, 7, 2, 1, 4, 3, 2, 6, 3, 3, 5]
31.10.0.110_2017-12-14
connect to users
{}
id10035_2017-12-15
connect to profiles
{'users:users': '6,8,9,4,3,6,2,5,1,2,1,0,3,5,2,5,3,3,7,4,3,5,7,4', 'hits:hits': '6,8,9,4,3,6,2,5,1,2,1,0,3,5,2,5,3,3,7,4,3,5,7,4'}
profile_hits - [6, 8, 9, 4, 3, 6, 2, 5, 1, 2, 1, 0, 3, 5, 2, 5, 3, 3, 7, 4, 3, 5, 7, 4]
profile_users - [6, 8, 9, 4, 3, 6, 2, 5, 1, 2, 1, 0, 3, 5, 2, 5, 3, 3, 7, 4, 3, 5, 7, 4]
31.10.0.110_2017-12-15
connect to users
{'profiles:profiles': 'id93182,id94911,id22704,id84615'}
most visited profiles - ['id93182', 'id94911', 'id22704', 'id84615']

##########
2017-12-16
ImmutableMultiDict([('date', u'2017-12-16'), ('user_ip', u'100.11.10.111'), ('profile_id', u'id10026'), ('start_date', u'2017-12-11'), ('end_date', u'2017-12-11')])
id10026_2017-12-11
connect to profiles
{'users:users': '7,6,5,8,5,3,4,2,0,3,2,2,4,3,4,5,8,9,3,2,1,6,2,8', 'last_three_liked_users:users': '91.190.72.241,83.143.33.77,194.214.184.64', 'hits:hits': '7,6,5,8,5,3,4,2,0,3,2,2,4,3,4,5,8,9,3,2,1,6,2,8'}
profile_hits - [7, 6, 5, 8, 5, 3, 4, 2, 0, 3, 2, 2, 4, 3, 4, 5, 8, 9, 3, 2, 1, 6, 2, 8]
profile_users - [7, 6, 5, 8, 5, 3, 4, 2, 0, 3, 2, 2, 4, 3, 4, 5, 8, 9, 3, 2, 1, 6, 2, 8]
100.11.10.111_2017-12-11
connect to users
{'profiles:profiles': 'id40364,id47036'}
most visited profiles - ['id40364', 'id47036']

##########
2017-12-16
ImmutableMultiDict([('date', u'2017-12-16'), ('user_ip', u'100.11.10.111'), ('profile_id', u'id10026'), ('start_date', u'2017-12-08'), ('end_date', u'2017-12-11')])
id10026_2017-12-08
connect to profiles
{'users:users': '5,2,3,1,2,0,3,0,1,2,1,1,4,1,2,2,1,5,4,7,5,3,2,4', 'last_three_liked_users:users': '217.12.255.36,83.143.33.77,185.22.196.55', 'hits:hits': '5,2,3,1,2,0,3,0,1,2,1,1,4,1,2,2,1,6,4,7,5,3,2,4'}
profile_hits - [5, 2, 3, 1, 2, 0, 3, 0, 1, 2, 1, 1, 4, 1, 2, 2, 1, 6, 4, 7, 5, 3, 2, 4]
profile_users - [5, 2, 3, 1, 2, 0, 3, 0, 1, 2, 1, 1, 4, 1, 2, 2, 1, 5, 4, 7, 5, 3, 2, 4]
last_three_liked_users - ['217.12.255.36', '83.143.33.77', '185.22.196.55']
100.11.10.111_2017-12-08
connect to users
{'profiles:profiles': 'id14180'}
most visited profiles - ['id14180']
id10026_2017-12-09
connect to profiles
{'users:users': '4,1,2,2,1,3,2,1,3,3,3,0,2,3,3,2,5,4,3,4,4,3,3,3', 'last_three_liked_users:users': '154.45.97.53,213.12.206.208,193.110.236.1', 'hits:hits': '4,1,2,2,1,3,2,1,3,3,3,0,2,3,3,2,5,4,3,4,4,3,3,3'}
profile_hits - [4, 1, 2, 2, 1, 3, 2, 1, 3, 3, 3, 0, 2, 3, 3, 2, 5, 4, 3, 4, 4, 3, 3, 3]
profile_users - [4, 1, 2, 2, 1, 3, 2, 1, 3, 3, 3, 0, 2, 3, 3, 2, 5, 4, 3, 4, 4, 3, 3, 3]
last_three_liked_users - ['154.45.97.53', '213.12.206.208', '193.110.236.1']
100.11.10.111_2017-12-09
connect to users
{'profiles:profiles': 'id47036,id74625,id80153,id86038'}
most visited profiles - ['id47036', 'id74625', 'id80153', 'id86038']
id10026_2017-12-10
connect to profiles
{'users:users': '2,2,1,2,2,2,0,1,3,1,0,0,1,4,1,2,3,2,3,3,3,2,0,1', 'last_three_liked_users:users': '193.84.89.23,185.22.196.55,194.33.87.216', 'hits:hits': '2,2,1,2,2,2,0,1,3,1,0,0,1,4,1,2,3,2,3,3,3,2,0,1'}
profile_hits - [2, 2, 1, 2, 2, 2, 0, 1, 3, 1, 0, 0, 1, 4, 1, 2, 3, 2, 3, 3, 3, 2, 0, 1]
profile_users - [2, 2, 1, 2, 2, 2, 0, 1, 3, 1, 0, 0, 1, 4, 1, 2, 3, 2, 3, 3, 3, 2, 0, 1]
last_three_liked_users - ['193.84.89.23', '185.22.196.55', '194.33.87.216']
100.11.10.111_2017-12-10
connect to users
{'profiles:profiles': 'id15719'}
most visited profiles - ['id15719']
id10026_2017-12-11
connect to profiles
{'users:users': '7,6,5,8,5,3,4,2,0,3,2,2,4,3,4,5,8,9,3,2,1,6,2,8', 'last_three_liked_users:users': '91.190.72.241,83.143.33.77,194.214.184.64', 'hits:hits': '7,6,5,8,5,3,4,2,0,3,2,2,4,3,4,5,8,9,3,2,1,6,2,8'}
profile_hits - [7, 6, 5, 8, 5, 3, 4, 2, 0, 3, 2, 2, 4, 3, 4, 5, 8, 9, 3, 2, 1, 6, 2, 8]
profile_users - [7, 6, 5, 8, 5, 3, 4, 2, 0, 3, 2, 2, 4, 3, 4, 5, 8, 9, 3, 2, 1, 6, 2, 8]
last_three_liked_users - ['91.190.72.241', '83.143.33.77', '194.214.184.64']
100.11.10.111_2017-12-11
connect to users
{'profiles:profiles': 'id40364,id47036'}
most visited profiles - ['id40364', 'id47036']

##########
2017-12-16
ImmutableMultiDict([('date', u'2017-12-07'), ('user_ip', u'4.169.128.112'), ('profile_id', u'id10003'), ('start_date', u'2017-12-04'), ('end_date', u'2017-12-07')])
id10003_2017-12-04
connect to profiles
{}
4.169.128.112_2017-12-04
connect to users
{}
id10003_2017-12-05
connect to profiles
{}
4.169.128.112_2017-12-05
connect to users
{}
id10003_2017-12-06
connect to profiles
{'users:users': '26,14,11,0,11,3,1,2,1,1,1,1,2,2,3,1,3,5,3,6,5,5,9,6', 'last_three_liked_users:users': '81.93.182.249,82.162.121.186,195.114.86.248', 'hits:hits': '27,15,11,0,11,3,1,2,1,1,1,1,2,2,3,1,3,5,3,6,5,5,9,6'}
profile_hits - [27, 15, 11, 0, 11, 3, 1, 2, 1, 1, 1, 1, 2, 2, 3, 1, 3, 5, 3, 6, 5, 5, 9, 6]
profile_users - [26, 14, 11, 0, 11, 3, 1, 2, 1, 1, 1, 1, 2, 2, 3, 1, 3, 5, 3, 6, 5, 5, 9, 6]
last_three_liked_users - ['81.93.182.249', '82.162.121.186', '195.114.86.248']
4.169.128.112_2017-12-06
connect to users
{'profiles:profiles': 'id14115,id72107,id87974'}
most visited profiles - ['id14115', 'id72107', 'id87974']
id10003_2017-12-07
connect to profiles
{'users:users': '22,20,7,6,4,2,1,2,2,0,1,3,4,4,2,2,8,3,5,6,6,5,6,4', 'last_three_liked_users:users': '84.38.0.203,184.25.5.25,62.4.65.72', 'hits:hits': '22,20,7,6,4,2,1,2,2,0,1,3,4,4,2,2,8,3,5,6,6,5,6,4'}
profile_hits - [22, 20, 7, 6, 4, 2, 1, 2, 2, 0, 1, 3, 4, 4, 2, 2, 8, 3, 5, 6, 6, 5, 6, 4]
profile_users - [22, 20, 7, 6, 4, 2, 1, 2, 2, 0, 1, 3, 4, 4, 2, 2, 8, 3, 5, 6, 6, 5, 6, 4]
last_three_liked_users - ['84.38.0.203', '184.25.5.25', '62.4.65.72']
4.169.128.112_2017-12-07
connect to users
{'profiles:profiles': 'id27493'}
most visited profiles - ['id27493']

##########
2017-12-16
ImmutableMultiDict([('date', u'2017-12-08'), ('user_ip', u'5.1.127.216'), ('profile_id', u'id10047'), ('start_date', u'2017-12-05'), ('end_date', u'2017-12-08')])
id10047_2017-12-05
connect to profiles
{}
5.1.127.216_2017-12-05
connect to users
{}
id10047_2017-12-06
connect to profiles
{'users:users': '20,12,12,2,10,4,1,1,1,1,2,2,3,6,2,4,7,4,4,5,8,10,6,7', 'last_three_liked_users:users': '94.41.75.58,91.216.234.100,176.125.140.114', 'hits:hits': '20,12,12,2,10,4,1,1,1,1,2,2,3,6,2,4,7,4,4,5,8,10,6,7'}
profile_hits - [20, 12, 12, 2, 10, 4, 1, 1, 1, 1, 2, 2, 3, 6, 2, 4, 7, 4, 4, 5, 8, 10, 6, 7]
profile_users - [20, 12, 12, 2, 10, 4, 1, 1, 1, 1, 2, 2, 3, 6, 2, 4, 7, 4, 4, 5, 8, 10, 6, 7]
last_three_liked_users - ['94.41.75.58', '91.216.234.100', '176.125.140.114']
5.1.127.216_2017-12-06
connect to users
{'profiles:profiles': 'id21685,id78963'}
most visited profiles - ['id21685', 'id78963']
id10047_2017-12-07
connect to profiles
{'users:users': '12,9,0,4,1,4,2,2,3,2,2,2,2,1,3,5,9,4,4,6,4,5,8,2', 'last_three_liked_users:users': '81.163.108.155,46.237.37.92,193.164.205.116', 'hits:hits': '12,9,0,4,1,4,2,2,3,2,2,2,2,1,3,5,9,4,4,6,4,5,8,2'}
profile_hits - [12, 9, 0, 4, 1, 4, 2, 2, 3, 2, 2, 2, 2, 1, 3, 5, 9, 4, 4, 6, 4, 5, 8, 2]
profile_users - [12, 9, 0, 4, 1, 4, 2, 2, 3, 2, 2, 2, 2, 1, 3, 5, 9, 4, 4, 6, 4, 5, 8, 2]
last_three_liked_users - ['81.163.108.155', '46.237.37.92', '193.164.205.116']
5.1.127.216_2017-12-07
connect to users
{'profiles:profiles': 'id78963,id83342'}
most visited profiles - ['id78963', 'id83342']
id10047_2017-12-08
connect to profiles
{'users:users': '5,2,4,1,5,0,3,0,3,2,0,3,6,5,2,3,4,5,5,9,4,6,4,10', 'last_three_liked_users:users': '178.33.56.159,193.253.92.175,69.1.253.118', 'hits:hits': '5,2,4,1,5,0,3,0,3,2,0,3,6,6,2,3,4,5,5,10,4,6,4,10'}
profile_hits - [5, 2, 4, 1, 5, 0, 3, 0, 3, 2, 0, 3, 6, 6, 2, 3, 4, 5, 5, 10, 4, 6, 4, 10]
profile_users - [5, 2, 4, 1, 5, 0, 3, 0, 3, 2, 0, 3, 6, 5, 2, 3, 4, 5, 5, 9, 4, 6, 4, 10]
last_three_liked_users - ['178.33.56.159', '193.253.92.175', '69.1.253.118']
5.1.127.216_2017-12-08
connect to users
{'profiles:profiles': 'id23368'}
most visited profiles - ['id23368']

##########
2017-12-16
ImmutableMultiDict([('date', u'2017-12-09'), ('user_ip', u'8.0.116.100'), ('profile_id', u'id10012'), ('start_date', u'2017-12-06'), ('end_date', u'2017-12-09')])
id10012_2017-12-06
connect to profiles
{'users:users': '13,17,9,3,1,1,1,0,2,2,0,4,4,3,4,4,3,2,4,5,5,3,3,4', 'last_three_liked_users:users': '46.245.177.141,31.131.87.45,193.105.26.86', 'hits:hits': '13,17,9,3,1,1,1,0,2,2,0,4,4,3,4,4,3,2,5,5,5,3,3,4'}
profile_hits - [13, 17, 9, 3, 1, 1, 1, 0, 2, 2, 0, 4, 4, 3, 4, 4, 3, 2, 5, 5, 5, 3, 3, 4]
profile_users - [13, 17, 9, 3, 1, 1, 1, 0, 2, 2, 0, 4, 4, 3, 4, 4, 3, 2, 4, 5, 5, 3, 3, 4]
last_three_liked_users - ['46.245.177.141', '31.131.87.45', '193.105.26.86']
8.0.116.100_2017-12-06
connect to users
{'profiles:profiles': 'id28474,id11252,id58061'}
most visited profiles - ['id28474', 'id11252', 'id58061']
id10012_2017-12-07
connect to profiles
{'users:users': '16,8,3,1,3,3,2,0,1,0,1,2,1,2,7,3,6,4,5,6,4,4,7,6', 'last_three_liked_users:users': '212.94.3.121,213.246.49.140,89.3.252.72', 'hits:hits': '16,8,3,1,3,3,2,0,1,0,1,2,1,2,7,3,6,4,5,6,4,4,7,6'}
profile_hits - [16, 8, 3, 1, 3, 3, 2, 0, 1, 0, 1, 2, 1, 2, 7, 3, 6, 4, 5, 6, 4, 4, 7, 6]
profile_users - [16, 8, 3, 1, 3, 3, 2, 0, 1, 0, 1, 2, 1, 2, 7, 3, 6, 4, 5, 6, 4, 4, 7, 6]
last_three_liked_users - ['212.94.3.121', '213.246.49.140', '89.3.252.72']
8.0.116.100_2017-12-07
connect to users
{}
id10012_2017-12-08
connect to profiles
{'users:users': '0,0,1,1,2,3,4,3,3,2,2,0,1,1,4,3,4,1,3,3,6,3,8,1', 'last_three_liked_users:users': '95.195.73.228,91.221.57.7,83.246.221.6', 'hits:hits': '0,0,1,1,2,3,4,3,3,2,2,0,1,1,4,3,4,1,3,3,6,3,8,1'}
profile_hits - [0, 0, 1, 1, 2, 3, 4, 3, 3, 2, 2, 0, 1, 1, 4, 3, 4, 1, 3, 3, 6, 3, 8, 1]
profile_users - [0, 0, 1, 1, 2, 3, 4, 3, 3, 2, 2, 0, 1, 1, 4, 3, 4, 1, 3, 3, 6, 3, 8, 1]
last_three_liked_users - ['95.195.73.228', '91.221.57.7', '83.246.221.6']
8.0.116.100_2017-12-08
connect to users
{'profiles:profiles': 'id11252,id20116,id28474,id89994'}
most visited profiles - ['id11252', 'id20116', 'id28474', 'id89994']
id10012_2017-12-09
connect to profiles
{'users:users': '5,2,1,1,1,2,2,1,2,1,4,2,2,5,4,0,6,3,1,4,6,4,1,5', 'last_three_liked_users:users': '194.28.194.132,194.146.160.99,109.197.91.168', 'hits:hits': '5,2,1,1,1,2,2,1,2,1,4,2,2,5,4,0,6,3,1,4,6,4,1,5'}
profile_hits - [5, 2, 1, 1, 1, 2, 2, 1, 2, 1, 4, 2, 2, 5, 4, 0, 6, 3, 1, 4, 6, 4, 1, 5]
profile_users - [5, 2, 1, 1, 1, 2, 2, 1, 2, 1, 4, 2, 2, 5, 4, 0, 6, 3, 1, 4, 6, 4, 1, 5]
last_three_liked_users - ['194.28.194.132', '194.146.160.99', '109.197.91.168']
8.0.116.100_2017-12-09
connect to users
{'profiles:profiles': 'id74506'}
most visited profiles - ['id74506']

##########
2017-12-16
ImmutableMultiDict([('date', u'2017-12-10'), ('user_ip', u'61.120.152.129'), ('profile_id', u'id10015'), ('start_date', u'2017-12-07'), ('end_date', u'2017-12-10')])
id10015_2017-12-07
connect to profiles
{'users:users': '21,15,4,0,7,4,1,0,1,1,0,2,3,1,0,4,3,5,6,6,4,7,6,5', 'last_three_liked_users:users': '195.68.245.191,192.160.123.116,91.217.190.22', 'hits:hits': '21,15,4,0,7,4,1,0,1,1,0,2,3,1,0,4,3,5,6,6,4,7,6,5'}
profile_hits - [21, 15, 4, 0, 7, 4, 1, 0, 1, 1, 0, 2, 3, 1, 0, 4, 3, 5, 6, 6, 4, 7, 6, 5]
profile_users - [21, 15, 4, 0, 7, 4, 1, 0, 1, 1, 0, 2, 3, 1, 0, 4, 3, 5, 6, 6, 4, 7, 6, 5]
last_three_liked_users - ['195.68.245.191', '192.160.123.116', '91.217.190.22']
61.120.152.129_2017-12-07
connect to users
{'profiles:profiles': 'id28421,id25621'}
most visited profiles - ['id28421', 'id25621']
id10015_2017-12-08
connect to profiles
{'users:users': '5,4,6,2,3,3,1,1,1,1,2,3,1,1,2,4,6,4,2,2,4,5,3,3', 'last_three_liked_users:users': '195.232.105.232,83.151.77.138,89.16.109.159', 'hits:hits': '5,4,6,2,3,3,1,1,1,1,2,3,1,1,2,4,6,4,2,2,4,5,3,3'}
profile_hits - [5, 4, 6, 2, 3, 3, 1, 1, 1, 1, 2, 3, 1, 1, 2, 4, 6, 4, 2, 2, 4, 5, 3, 3]
profile_users - [5, 4, 6, 2, 3, 3, 1, 1, 1, 1, 2, 3, 1, 1, 2, 4, 6, 4, 2, 2, 4, 5, 3, 3]
last_three_liked_users - ['195.232.105.232', '83.151.77.138', '89.16.109.159']
61.120.152.129_2017-12-08
connect to users
{'profiles:profiles': 'id13495,id25621,id61173'}
most visited profiles - ['id13495', 'id25621', 'id61173']
id10015_2017-12-09
connect to profiles
{'users:users': '3,2,3,1,1,1,1,1,5,0,1,1,6,2,3,2,2,7,4,6,3,4,0,3', 'last_three_liked_users:users': '195.44.1.20,91.236.201.86,23.247.139.87', 'hits:hits': '3,2,3,1,1,1,1,1,5,0,1,1,6,2,3,2,2,7,4,6,3,4,0,3'}
profile_hits - [3, 2, 3, 1, 1, 1, 1, 1, 5, 0, 1, 1, 6, 2, 3, 2, 2, 7, 4, 6, 3, 4, 0, 3]
profile_users - [3, 2, 3, 1, 1, 1, 1, 1, 5, 0, 1, 1, 6, 2, 3, 2, 2, 7, 4, 6, 3, 4, 0, 3]
last_three_liked_users - ['195.44.1.20', '91.236.201.86', '23.247.139.87']
61.120.152.129_2017-12-09
connect to users
{'profiles:profiles': 'id16783,id25621,id28421'}
most visited profiles - ['id16783', 'id25621', 'id28421']
id10015_2017-12-10
connect to profiles
{'users:users': '6,4,1,2,3,0,3,2,0,2,1,6,1,1,5,0,0,4,2,8,7,3,3,3', 'last_three_liked_users:users': '154.37.253.246,217.209.247.156,62.67.220.177', 'hits:hits': '6,4,1,2,3,0,3,2,0,2,1,6,1,1,5,0,0,4,2,8,7,3,3,3'}
profile_hits - [6, 4, 1, 2, 3, 0, 3, 2, 0, 2, 1, 6, 1, 1, 5, 0, 0, 4, 2, 8, 7, 3, 3, 3]
profile_users - [6, 4, 1, 2, 3, 0, 3, 2, 0, 2, 1, 6, 1, 1, 5, 0, 0, 4, 2, 8, 7, 3, 3, 3]
last_three_liked_users - ['154.37.253.246', '217.209.247.156', '62.67.220.177']
61.120.152.129_2017-12-10
connect to users
{'profiles:profiles': 'id16783,id28421'}
most visited profiles - ['id16783', 'id28421']

##########
2017-12-16
ImmutableMultiDict([('date', u'2017-12-11'), ('user_ip', u'31.10.0.101'), ('profile_id', u'id10026'), ('start_date', u'2017-12-08'), ('end_date', u'2017-12-11')])
id10026_2017-12-08
connect to profiles
{'users:users': '5,2,3,1,2,0,3,0,1,2,1,1,4,1,2,2,1,5,4,7,5,3,2,4', 'last_three_liked_users:users': '217.12.255.36,83.143.33.77,185.22.196.55', 'hits:hits': '5,2,3,1,2,0,3,0,1,2,1,1,4,1,2,2,1,6,4,7,5,3,2,4'}
profile_hits - [5, 2, 3, 1, 2, 0, 3, 0, 1, 2, 1, 1, 4, 1, 2, 2, 1, 6, 4, 7, 5, 3, 2, 4]
profile_users - [5, 2, 3, 1, 2, 0, 3, 0, 1, 2, 1, 1, 4, 1, 2, 2, 1, 5, 4, 7, 5, 3, 2, 4]
last_three_liked_users - ['217.12.255.36', '83.143.33.77', '185.22.196.55']
31.10.0.101_2017-12-08
connect to users
{}
id10026_2017-12-09
connect to profiles
{'users:users': '4,1,2,2,1,3,2,1,3,3,3,0,2,3,3,2,5,4,3,4,4,3,3,3', 'last_three_liked_users:users': '154.45.97.53,213.12.206.208,193.110.236.1', 'hits:hits': '4,1,2,2,1,3,2,1,3,3,3,0,2,3,3,2,5,4,3,4,4,3,3,3'}
profile_hits - [4, 1, 2, 2, 1, 3, 2, 1, 3, 3, 3, 0, 2, 3, 3, 2, 5, 4, 3, 4, 4, 3, 3, 3]
profile_users - [4, 1, 2, 2, 1, 3, 2, 1, 3, 3, 3, 0, 2, 3, 3, 2, 5, 4, 3, 4, 4, 3, 3, 3]
last_three_liked_users - ['154.45.97.53', '213.12.206.208', '193.110.236.1']
31.10.0.101_2017-12-09
connect to users
{}
id10026_2017-12-10
connect to profiles
{'users:users': '2,2,1,2,2,2,0,1,3,1,0,0,1,4,1,2,3,2,3,3,3,2,0,1', 'last_three_liked_users:users': '193.84.89.23,185.22.196.55,194.33.87.216', 'hits:hits': '2,2,1,2,2,2,0,1,3,1,0,0,1,4,1,2,3,2,3,3,3,2,0,1'}
profile_hits - [2, 2, 1, 2, 2, 2, 0, 1, 3, 1, 0, 0, 1, 4, 1, 2, 3, 2, 3, 3, 3, 2, 0, 1]
profile_users - [2, 2, 1, 2, 2, 2, 0, 1, 3, 1, 0, 0, 1, 4, 1, 2, 3, 2, 3, 3, 3, 2, 0, 1]
last_three_liked_users - ['193.84.89.23', '185.22.196.55', '194.33.87.216']
31.10.0.101_2017-12-10
connect to users
{'profiles:profiles': 'id52501,id17440'}
most visited profiles - ['id52501', 'id17440']
id10026_2017-12-11
connect to profiles
{'users:users': '7,6,5,8,5,3,4,2,0,3,2,2,4,3,4,5,8,9,3,2,1,6,2,8', 'last_three_liked_users:users': '91.190.72.241,83.143.33.77,194.214.184.64', 'hits:hits': '7,6,5,8,5,3,4,2,0,3,2,2,4,3,4,5,8,9,3,2,1,6,2,8'}
profile_hits - [7, 6, 5, 8, 5, 3, 4, 2, 0, 3, 2, 2, 4, 3, 4, 5, 8, 9, 3, 2, 1, 6, 2, 8]
profile_users - [7, 6, 5, 8, 5, 3, 4, 2, 0, 3, 2, 2, 4, 3, 4, 5, 8, 9, 3, 2, 1, 6, 2, 8]
last_three_liked_users - ['91.190.72.241', '83.143.33.77', '194.214.184.64']
31.10.0.101_2017-12-11
connect to users
{'profiles:profiles': 'id17440,id65830,id90020'}
most visited profiles - ['id17440', 'id65830', 'id90020']

##########
2017-12-16
ImmutableMultiDict([('date', u'2017-12-12'), ('user_ip', u'2.0.104.252'), ('profile_id', u'id10027'), ('start_date', u'2017-12-09'), ('end_date', u'2017-12-12')])
id10027_2017-12-09
connect to profiles
{'users:users': '6,1,1,0,1,0,1,1,2,0,1,0,0,5,1,1,4,1,4,4,2,2,2,3', 'last_three_liked_users:users': '193.104.57.85,91.228.161.152,185.75.70.134', 'hits:hits': '6,1,1,0,1,0,1,1,2,0,1,0,0,5,1,1,4,1,4,4,2,2,2,3'}
profile_hits - [6, 1, 1, 0, 1, 0, 1, 1, 2, 0, 1, 0, 0, 5, 1, 1, 4, 1, 4, 4, 2, 2, 2, 3]
profile_users - [6, 1, 1, 0, 1, 0, 1, 1, 2, 0, 1, 0, 0, 5, 1, 1, 4, 1, 4, 4, 2, 2, 2, 3]
last_three_liked_users - ['193.104.57.85', '91.228.161.152', '185.75.70.134']
2.0.104.252_2017-12-09
connect to users
{}
id10027_2017-12-10
connect to profiles
{'users:users': '4,3,1,1,2,1,3,1,0,2,0,1,1,1,2,3,0,0,3,0,3,2,4,3', 'last_three_liked_users:users': '217.78.184.163,84.233.130.15,178.16.249.212', 'hits:hits': '4,3,1,1,2,1,3,1,0,2,0,1,1,1,2,3,0,0,3,0,3,2,4,3'}
profile_hits - [4, 3, 1, 1, 2, 1, 3, 1, 0, 2, 0, 1, 1, 1, 2, 3, 0, 0, 3, 0, 3, 2, 4, 3]
profile_users - [4, 3, 1, 1, 2, 1, 3, 1, 0, 2, 0, 1, 1, 1, 2, 3, 0, 0, 3, 0, 3, 2, 4, 3]
last_three_liked_users - ['217.78.184.163', '84.233.130.15', '178.16.249.212']
2.0.104.252_2017-12-10
connect to users
{}
id10027_2017-12-11
connect to profiles
{'users:users': '6,1,3,1,3,3,1,2,2,0,1,0,6,1,4,2,6,3,5,2,6,4,5,5', 'last_three_liked_users:users': '194.145.154.1,188.93.46.174,193.105.27.227', 'hits:hits': '6,1,3,1,3,3,1,2,2,0,1,0,6,1,4,2,6,3,5,2,6,4,5,5'}
profile_hits - [6, 1, 3, 1, 3, 3, 1, 2, 2, 0, 1, 0, 6, 1, 4, 2, 6, 3, 5, 2, 6, 4, 5, 5]
profile_users - [6, 1, 3, 1, 3, 3, 1, 2, 2, 0, 1, 0, 6, 1, 4, 2, 6, 3, 5, 2, 6, 4, 5, 5]
last_three_liked_users - ['194.145.154.1', '188.93.46.174', '193.105.27.227']
2.0.104.252_2017-12-11
connect to users
{}
id10027_2017-12-12
connect to profiles
{'users:users': '2,11,6,9,4,1,5,3,2,3,2,0,1,7,2,6,4,4,2,5,4,8,7,3', 'last_three_liked_users:users': '31.40.171.108,158.156.168.222,27.116.43.125', 'hits:hits': '2,11,6,9,4,1,5,3,2,3,2,0,1,7,2,6,4,4,2,5,4,8,7,3'}
profile_hits - [2, 11, 6, 9, 4, 1, 5, 3, 2, 3, 2, 0, 1, 7, 2, 6, 4, 4, 2, 5, 4, 8, 7, 3]
profile_users - [2, 11, 6, 9, 4, 1, 5, 3, 2, 3, 2, 0, 1, 7, 2, 6, 4, 4, 2, 5, 4, 8, 7, 3]
last_three_liked_users - ['31.40.171.108', '158.156.168.222', '27.116.43.125']
2.0.104.252_2017-12-12
connect to users
{'profiles:profiles': 'id28218,id39924,id63043'}
most visited profiles - ['id28218', 'id39924', 'id63043']

##########
2017-12-16
ImmutableMultiDict([('date', u'2017-12-13'), ('user_ip', u'2.0.111.88'), ('profile_id', u'id10016'), ('start_date', u'2017-12-10'), ('end_date', u'2017-12-13')])
id10016_2017-12-10
connect to profiles
{'users:users': '6,2,2,1,0,2,0,1,2,0,1,0,2,2,2,2,5,0,3,1,2,2,1,1', 'last_three_liked_users:users': '91.199.234.105,78.108.198.222,185.93.4.167', 'hits:hits': '6,2,2,1,0,2,0,1,2,0,1,0,2,2,2,2,5,0,3,1,2,2,1,1'}
profile_hits - [6, 2, 2, 1, 0, 2, 0, 1, 2, 0, 1, 0, 2, 2, 2, 2, 5, 0, 3, 1, 2, 2, 1, 1]
profile_users - [6, 2, 2, 1, 0, 2, 0, 1, 2, 0, 1, 0, 2, 2, 2, 2, 5, 0, 3, 1, 2, 2, 1, 1]
last_three_liked_users - ['91.199.234.105', '78.108.198.222', '185.93.4.167']
2.0.111.88_2017-12-10
connect to users
{}
id10016_2017-12-11
connect to profiles
{'users:users': '8,4,1,5,3,2,1,0,1,3,4,2,2,2,2,6,3,4,6,6,8,4,6,2', 'last_three_liked_users:users': '185.75.203.87,141.1.147.246,178.236.16.127', 'hits:hits': '8,4,1,5,3,2,1,0,1,3,4,2,2,2,2,6,3,4,6,6,8,4,6,2'}
profile_hits - [8, 4, 1, 5, 3, 2, 1, 0, 1, 3, 4, 2, 2, 2, 2, 6, 3, 4, 6, 6, 8, 4, 6, 2]
profile_users - [8, 4, 1, 5, 3, 2, 1, 0, 1, 3, 4, 2, 2, 2, 2, 6, 3, 4, 6, 6, 8, 4, 6, 2]
last_three_liked_users - ['185.75.203.87', '141.1.147.246', '178.236.16.127']
2.0.111.88_2017-12-11
connect to users
{}
id10016_2017-12-12
connect to profiles
{'users:users': '5,3,3,5,3,2,1,2,0,1,3,3,4,4,0,5,1,5,7,5,6,8,6,4', 'last_three_liked_users:users': '59.152.29.131,91.230.146.34,81.236.69.173', 'hits:hits': '5,3,3,5,3,2,1,2,0,1,3,3,4,4,0,5,1,5,7,5,6,8,6,4'}
profile_hits - [5, 3, 3, 5, 3, 2, 1, 2, 0, 1, 3, 3, 4, 4, 0, 5, 1, 5, 7, 5, 6, 8, 6, 4]
profile_users - [5, 3, 3, 5, 3, 2, 1, 2, 0, 1, 3, 3, 4, 4, 0, 5, 1, 5, 7, 5, 6, 8, 6, 4]
last_three_liked_users - ['59.152.29.131', '91.230.146.34', '81.236.69.173']
2.0.111.88_2017-12-12
connect to users
{'profiles:profiles': 'id21259,id22050,id23507,id23719,id28369,id34238,id41070,id44828,id50975,id63616,id82011,id82478,id92160,id96758'}
most visited profiles - ['id21259', 'id22050', 'id23507', 'id23719', 'id28369', 'id34238', 'id41070', 'id44828', 'id50975', 'id63616', 'id82011', 'id82478', 'id92160', 'id96758']
id10016_2017-12-13
connect to profiles
{'users:users': '16,8,6,3,2,2,5,5,1,3,1,2,6,4,4,2,4,4,4,8,6,3,10,7', 'last_three_liked_users:users': '87.87.204.76,194.113.132.132,37.78.141.181', 'hits:hits': '16,8,6,3,2,2,5,5,1,3,1,2,6,4,4,2,4,4,4,8,6,3,10,7'}
profile_hits - [16, 8, 6, 3, 2, 2, 5, 5, 1, 3, 1, 2, 6, 4, 4, 2, 4, 4, 4, 8, 6, 3, 10, 7]
profile_users - [16, 8, 6, 3, 2, 2, 5, 5, 1, 3, 1, 2, 6, 4, 4, 2, 4, 4, 4, 8, 6, 3, 10, 7]
last_three_liked_users - ['87.87.204.76', '194.113.132.132', '37.78.141.181']
2.0.111.88_2017-12-13
connect to users
{'profiles:profiles': 'id35890,id58902'}
most visited profiles - ['id35890', 'id58902']

##########
2017-12-16
ImmutableMultiDict([('date', u'2017-12-15'), ('user_ip', u'61.120.152.129'), ('profile_id', u'id10035'), ('start_date', u'2017-12-12'), ('end_date', u'2017-12-15')])
id10035_2017-12-12
connect to profiles
{'users:users': '1,4,2,2,1,3,1,1,1,4,1,1,3,2,3,1,4,6,3,3,7,2,4,4', 'last_three_liked_users:users': '88.221.14.182,2.20.250.87,51.254.5.161', 'hits:hits': '1,4,2,2,1,3,1,1,1,4,1,1,3,2,3,1,4,6,3,3,7,2,4,4'}
profile_hits - [1, 4, 2, 2, 1, 3, 1, 1, 1, 4, 1, 1, 3, 2, 3, 1, 4, 6, 3, 3, 7, 2, 4, 4]
profile_users - [1, 4, 2, 2, 1, 3, 1, 1, 1, 4, 1, 1, 3, 2, 3, 1, 4, 6, 3, 3, 7, 2, 4, 4]
last_three_liked_users - ['88.221.14.182', '2.20.250.87', '51.254.5.161']
61.120.152.129_2017-12-12
connect to users
{'profiles:profiles': 'id28421,id61173,id65215'}
most visited profiles - ['id28421', 'id61173', 'id65215']
id10035_2017-12-13
connect to profiles
{'users:users': '11,5,4,2,2,2,1,5,1,1,0,3,1,1,7,4,5,9,5,8,6,6,5,4', 'last_three_liked_users:users': '193.27.4.14,217.78.184.110,107.153.22.192', 'hits:hits': '11,5,4,2,2,2,1,5,1,1,0,3,1,1,7,4,5,9,5,8,6,6,5,4'}
profile_hits - [11, 5, 4, 2, 2, 2, 1, 5, 1, 1, 0, 3, 1, 1, 7, 4, 5, 9, 5, 8, 6, 6, 5, 4]
profile_users - [11, 5, 4, 2, 2, 2, 1, 5, 1, 1, 0, 3, 1, 1, 7, 4, 5, 9, 5, 8, 6, 6, 5, 4]
last_three_liked_users - ['193.27.4.14', '217.78.184.110', '107.153.22.192']
61.120.152.129_2017-12-13
connect to users
{}
id10035_2017-12-14
connect to profiles
{'users:users': '12,8,6,4,2,4,2,3,1,1,4,5,4,1,7,2,1,4,3,2,6,3,3,5', 'last_three_liked_users:users': '178.32.112.192,217.71.125.65,212.180.5.248', 'hits:hits': '12,8,6,4,2,4,2,3,1,1,4,5,4,1,7,2,1,4,3,2,6,3,3,5'}
profile_hits - [12, 8, 6, 4, 2, 4, 2, 3, 1, 1, 4, 5, 4, 1, 7, 2, 1, 4, 3, 2, 6, 3, 3, 5]
profile_users - [12, 8, 6, 4, 2, 4, 2, 3, 1, 1, 4, 5, 4, 1, 7, 2, 1, 4, 3, 2, 6, 3, 3, 5]
last_three_liked_users - ['178.32.112.192', '217.71.125.65', '212.180.5.248']
61.120.152.129_2017-12-14
connect to users
{'profiles:profiles': 'id28421'}
most visited profiles - ['id28421']
id10035_2017-12-15
connect to profiles
{'users:users': '6,8,9,4,3,6,2,5,1,2,1,0,3,5,2,5,3,3,7,4,3,5,7,4', 'last_three_liked_users:users': '188.95.111.118,87.91.128.71,91.135.149.171', 'hits:hits': '6,8,9,4,3,6,2,5,1,2,1,0,3,5,2,5,3,3,7,4,3,5,7,4'}
profile_hits - [6, 8, 9, 4, 3, 6, 2, 5, 1, 2, 1, 0, 3, 5, 2, 5, 3, 3, 7, 4, 3, 5, 7, 4]
profile_users - [6, 8, 9, 4, 3, 6, 2, 5, 1, 2, 1, 0, 3, 5, 2, 5, 3, 3, 7, 4, 3, 5, 7, 4]
last_three_liked_users - ['188.95.111.118', '87.91.128.71', '91.135.149.171']
61.120.152.129_2017-12-15
connect to users
{'profiles:profiles': 'id33580'}
most visited profiles - ['id33580']

##########
2017-12-17
ImmutableMultiDict([('date', u'2017-12-16'), ('user_ip', u'4.169.128.112'), ('profile_id', u'id10029'), ('start_date', u'2017-12-13'), ('end_date', u'2017-12-16')])
id10029_2017-12-13
connect to profiles
{'users:users': '4,5,4,8,2,1,2,1,2,1,0,3,4,3,5,9,2,3,7,2,3,1,3,5', 'last_three_liked_users:users': '160.211.210.52,82.151.213.235,109.126.6.58', 'hits:hits': '4,5,4,8,2,1,2,1,2,1,0,3,4,3,5,9,2,3,7,2,3,1,3,5'}
profile_hits - [4, 5, 4, 8, 2, 1, 2, 1, 2, 1, 0, 3, 4, 3, 5, 9, 2, 3, 7, 2, 3, 1, 3, 5]
profile_users - [4, 5, 4, 8, 2, 1, 2, 1, 2, 1, 0, 3, 4, 3, 5, 9, 2, 3, 7, 2, 3, 1, 3, 5]
last_three_liked_users - ['160.211.210.52', '82.151.213.235', '109.126.6.58']
4.169.128.112_2017-12-13
connect to users
{}
id10029_2017-12-14
connect to profiles
{'users:users': '15,2,1,1,2,1,2,2,1,1,0,2,2,2,5,3,4,4,1,6,2,2,1,7', 'last_three_liked_users:users': '158.255.96.250,188.130.242.143,185.17.129.246', 'hits:hits': '15,2,1,1,2,1,2,2,1,1,0,2,2,2,5,3,4,4,1,6,2,2,1,7'}
profile_hits - [15, 2, 1, 1, 2, 1, 2, 2, 1, 1, 0, 2, 2, 2, 5, 3, 4, 4, 1, 6, 2, 2, 1, 7]
profile_users - [15, 2, 1, 1, 2, 1, 2, 2, 1, 1, 0, 2, 2, 2, 5, 3, 4, 4, 1, 6, 2, 2, 1, 7]
last_three_liked_users - ['158.255.96.250', '188.130.242.143', '185.17.129.246']
4.169.128.112_2017-12-14
connect to users
{}
id10029_2017-12-15
connect to profiles
{'users:users': '7,3,0,1,6,2,2,1,1,0,2,3,7,4,4,3,2,2,2,7,3,6,2,5', 'last_three_liked_users:users': '194.116.145.157,179.60.149.11,194.79.7.52', 'hits:hits': '7,3,0,1,6,2,2,1,1,0,2,3,7,4,4,3,2,2,3,7,3,6,2,5'}
profile_hits - [7, 3, 0, 1, 6, 2, 2, 1, 1, 0, 2, 3, 7, 4, 4, 3, 2, 2, 3, 7, 3, 6, 2, 5]
profile_users - [7, 3, 0, 1, 6, 2, 2, 1, 1, 0, 2, 3, 7, 4, 4, 3, 2, 2, 2, 7, 3, 6, 2, 5]
last_three_liked_users - ['194.116.145.157', '179.60.149.11', '194.79.7.52']
4.169.128.112_2017-12-15
connect to users
{'profiles:profiles': 'id14115,id87974,id94454'}
most visited profiles - ['id14115', 'id87974', 'id94454']
id10029_2017-12-16
connect to profiles
{'users:users': '11,7,2,1,1,3,0,1,1,0,0,0,1,1,3,1,1,4,7,7,4,4,5,6', 'last_three_liked_users:users': '91.238.127.185,185.32.87.26,80.84.8.71', 'hits:hits': '13,7,2,1,1,3,0,1,1,0,0,0,1,1,3,1,1,4,7,7,4,4,5,6'}
profile_hits - [13, 7, 2, 1, 1, 3, 0, 1, 1, 0, 0, 0, 1, 1, 3, 1, 1, 4, 7, 7, 4, 4, 5, 6]
profile_users - [11, 7, 2, 1, 1, 3, 0, 1, 1, 0, 0, 0, 1, 1, 3, 1, 1, 4, 7, 7, 4, 4, 5, 6]
last_three_liked_users - ['91.238.127.185', '185.32.87.26', '80.84.8.71']
4.169.128.112_2017-12-16
connect to users
{'profiles:profiles': 'id87974'}
most visited profiles - ['id87974']

##########
2017-12-18
ImmutableMultiDict([('date', u'2017-12-17'), ('user_ip', u'8.0.116.102'), ('profile_id', u'id10027'), ('start_date', u'2017-12-14'), ('end_date', u'2017-12-17')])
id10027_2017-12-14
connect to profiles
{'users:users': '12,2,3,2,1,0,1,2,1,1,2,2,2,2,7,3,1,5,2,2,7,2,3,3', 'last_three_liked_users:users': '185.75.70.134,185.25.71.155,185.34.152.249', 'hits:hits': '12,2,3,2,1,0,1,2,1,1,2,2,2,2,7,3,1,5,2,2,7,2,3,3'}
profile_hits - [12, 2, 3, 2, 1, 0, 1, 2, 1, 1, 2, 2, 2, 2, 7, 3, 1, 5, 2, 2, 7, 2, 3, 3]
profile_users - [12, 2, 3, 2, 1, 0, 1, 2, 1, 1, 2, 2, 2, 2, 7, 3, 1, 5, 2, 2, 7, 2, 3, 3]
last_three_liked_users - ['185.75.70.134', '185.25.71.155', '185.34.152.249']
8.0.116.102_2017-12-14
connect to users
{}
id10027_2017-12-15
connect to profiles
{'users:users': '6,4,4,2,2,6,2,1,2,0,3,3,3,2,7,2,3,2,3,2,2,3,6,7', 'last_three_liked_users:users': '195.254.160.189,62.67.42.7,5.22.145.127', 'hits:hits': '6,4,4,2,2,6,2,1,2,0,3,3,3,2,7,2,3,2,3,2,2,3,6,7'}
profile_hits - [6, 4, 4, 2, 2, 6, 2, 1, 2, 0, 3, 3, 3, 2, 7, 2, 3, 2, 3, 2, 2, 3, 6, 7]
profile_users - [6, 4, 4, 2, 2, 6, 2, 1, 2, 0, 3, 3, 3, 2, 7, 2, 3, 2, 3, 2, 2, 3, 6, 7]
last_three_liked_users - ['195.254.160.189', '62.67.42.7', '5.22.145.127']
8.0.116.102_2017-12-15
connect to users
{}
id10027_2017-12-16
connect to profiles
{'users:users': '4,3,3,4,3,2,0,0,0,0,0,1,1,1,1,1,3,2,4,3,2,2,3,2', 'last_three_liked_users:users': '188.191.161.125,95.128.74.54,94.139.108.76', 'hits:hits': '4,3,3,4,3,2,0,0,0,0,0,1,1,1,1,1,3,2,4,4,2,2,3,2'}
profile_hits - [4, 3, 3, 4, 3, 2, 0, 0, 0, 0, 0, 1, 1, 1, 1, 1, 3, 2, 4, 4, 2, 2, 3, 2]
profile_users - [4, 3, 3, 4, 3, 2, 0, 0, 0, 0, 0, 1, 1, 1, 1, 1, 3, 2, 4, 3, 2, 2, 3, 2]
last_three_liked_users - ['188.191.161.125', '95.128.74.54', '94.139.108.76']
8.0.116.102_2017-12-16
connect to users
{}
id10027_2017-12-17
connect to profiles
{}
8.0.116.102_2017-12-17
connect to users
{}

##########
2017-12-19
ImmutableMultiDict([('date', u'2017-12-18'), ('user_ip', u'8.0.116.102'), ('profile_id', u'id10038'), ('start_date', u'2017-12-15'), ('end_date', u'2017-12-18')])
id10038_2017-12-15
connect to profiles
{'users:users': '4,3,5,4,4,6,2,2,2,1,4,3,1,2,1,6,4,5,9,2,4,5,2,8', 'last_three_liked_users:users': '193.219.97.106,193.0.200.205,15.203.130.243', 'hits:hits': '4,3,5,4,4,6,2,2,2,1,4,3,1,2,1,6,4,5,9,2,4,5,2,8'}
profile_hits - [4, 3, 5, 4, 4, 6, 2, 2, 2, 1, 4, 3, 1, 2, 1, 6, 4, 5, 9, 2, 4, 5, 2, 8]
profile_users - [4, 3, 5, 4, 4, 6, 2, 2, 2, 1, 4, 3, 1, 2, 1, 6, 4, 5, 9, 2, 4, 5, 2, 8]
last_three_liked_users - ['193.219.97.106', '193.0.200.205', '15.203.130.243']
8.0.116.102_2017-12-15
connect to users
{}
id10038_2017-12-16
connect to profiles
{'users:users': '10,9,2,2,0,1,2,2,1,0,0,0,2,3,1,4,5,1,5,0,1,2,5,4', 'last_three_liked_users:users': '66.251.216.104,51.255.15.121,194.176.96.222', 'hits:hits': '10,10,2,2,0,1,2,2,1,0,0,0,2,3,1,4,5,1,5,0,1,2,5,4'}
profile_hits - [10, 10, 2, 2, 0, 1, 2, 2, 1, 0, 0, 0, 2, 3, 1, 4, 5, 1, 5, 0, 1, 2, 5, 4]
profile_users - [10, 9, 2, 2, 0, 1, 2, 2, 1, 0, 0, 0, 2, 3, 1, 4, 5, 1, 5, 0, 1, 2, 5, 4]
last_three_liked_users - ['66.251.216.104', '51.255.15.121', '194.176.96.222']
8.0.116.102_2017-12-16
connect to users
{}
id10038_2017-12-17
connect to profiles
{}
8.0.116.102_2017-12-17
connect to users
{}
id10038_2017-12-18
connect to profiles
{}
8.0.116.102_2017-12-18
connect to users
{}

##########
2017-12-20
ImmutableMultiDict([('date', u'2017-12-19'), ('user_ip', u'2.0.118.240'), ('profile_id', u'id10024'), ('start_date', u'2017-12-16'), ('end_date', u'2017-12-19')])
id10024_2017-12-16
connect to profiles
{'users:users': '8,8,3,1,3,2,1,1,1,0,2,1,0,1,2,2,2,3,4,2,1,4,0,0', 'last_three_liked_users:users': '78.74.105.37,5.45.113.128,192.229.178.248', 'hits:hits': '8,8,3,1,3,2,1,1,1,0,2,1,0,1,2,2,2,3,4,2,1,4,0,0'}
profile_hits - [8, 8, 3, 1, 3, 2, 1, 1, 1, 0, 2, 1, 0, 1, 2, 2, 2, 3, 4, 2, 1, 4, 0, 0]
profile_users - [8, 8, 3, 1, 3, 2, 1, 1, 1, 0, 2, 1, 0, 1, 2, 2, 2, 3, 4, 2, 1, 4, 0, 0]
last_three_liked_users - ['78.74.105.37', '5.45.113.128', '192.229.178.248']
2.0.118.240_2017-12-16
connect to users
{}
id10024_2017-12-17
connect to profiles
{}
2.0.118.240_2017-12-17
connect to users
{}
id10024_2017-12-18
connect to profiles
{}
2.0.118.240_2017-12-18
connect to users
{}
id10024_2017-12-19
connect to profiles
{}
2.0.118.240_2017-12-19
connect to users
{}

##########
2017-12-22
ImmutableMultiDict([('date', u'2017-12-21'), ('user_ip', u'100.11.10.102'), ('profile_id', u'id10026'), ('start_date', u'2017-12-18'), ('end_date', u'2017-12-21')])
id10026_2017-12-18
connect to profiles
{}
100.11.10.102_2017-12-18
connect to users
{}
id10026_2017-12-19
connect to profiles
{}
100.11.10.102_2017-12-19
connect to users
{}
id10026_2017-12-20
connect to profiles
{}
100.11.10.102_2017-12-20
connect to users
{}
id10026_2017-12-21
connect to profiles
{}
100.11.10.102_2017-12-21
connect to users
{}

##########
2017-12-23
ImmutableMultiDict([('date', u'2017-12-22'), ('user_ip', u'5.1.124.141'), ('profile_id', u'id10021'), ('start_date', u'2017-12-19'), ('end_date', u'2017-12-22')])
id10021_2017-12-19
connect to profiles
{}
5.1.124.141_2017-12-19
connect to users
{}
id10021_2017-12-20
connect to profiles
{}
5.1.124.141_2017-12-20
connect to users
{}
id10021_2017-12-21
connect to profiles
{}
5.1.124.141_2017-12-21
connect to users
{}
id10021_2017-12-22
connect to profiles
{}
5.1.124.141_2017-12-22
connect to users
{}

##########
2017-12-24
ImmutableMultiDict([('date', u'2017-12-23'), ('user_ip', u'2.0.118.240'), ('profile_id', u'id10004'), ('start_date', u'2017-12-20'), ('end_date', u'2017-12-23')])
id10004_2017-12-20
connect to profiles
{}
2.0.118.240_2017-12-20
connect to users
{}
id10004_2017-12-21
connect to profiles
{}
2.0.118.240_2017-12-21
connect to users
{}
id10004_2017-12-22
connect to profiles
{}
2.0.118.240_2017-12-22
connect to users
{}
id10004_2017-12-23
connect to profiles
{}
2.0.118.240_2017-12-23
connect to users
{}

##########
2017-12-25
ImmutableMultiDict([('date', u'2017-12-24'), ('user_ip', u'31.10.0.101'), ('profile_id', u'id10020'), ('start_date', u'2017-12-21'), ('end_date', u'2017-12-24')])
id10020_2017-12-21
connect to profiles
{}
31.10.0.101_2017-12-21
connect to users
{}
id10020_2017-12-22
connect to profiles
{}
31.10.0.101_2017-12-22
connect to users
{}
id10020_2017-12-23
connect to profiles
{}
31.10.0.101_2017-12-23
connect to users
{}
id10020_2017-12-24
connect to profiles
{}
31.10.0.101_2017-12-24
connect to users
{}

##########
2017-12-26
ImmutableMultiDict([('date', u'2017-12-25'), ('user_ip', u'70.36.28.11'), ('profile_id', u'id10024'), ('start_date', u'2017-12-22'), ('end_date', u'2017-12-25')])
id10024_2017-12-22
connect to profiles
{}
70.36.28.11_2017-12-22
connect to users
{}
id10024_2017-12-23
connect to profiles
{}
70.36.28.11_2017-12-23
connect to users
{}
id10024_2017-12-24
connect to profiles
{}
70.36.28.11_2017-12-24
connect to users
{}
id10024_2017-12-25
connect to profiles
{}
70.36.28.11_2017-12-25
connect to users
{}

##########
2017-12-27
ImmutableMultiDict([('date', u'2017-12-26'), ('user_ip', u'31.10.0.101'), ('profile_id', u'id10014'), ('start_date', u'2017-12-23'), ('end_date', u'2017-12-26')])
id10014_2017-12-23
connect to profiles
{}
31.10.0.101_2017-12-23
connect to users
{}
id10014_2017-12-24
connect to profiles
{}
31.10.0.101_2017-12-24
connect to users
{}
id10014_2017-12-25
connect to profiles
{}
31.10.0.101_2017-12-25
connect to users
{}
id10014_2017-12-26
connect to profiles
{}
31.10.0.101_2017-12-26
connect to users
{}

##########
2017-12-28
ImmutableMultiDict([('date', u'2017-12-27'), ('user_ip', u'31.10.0.101'), ('profile_id', u'id10016'), ('start_date', u'2017-12-24'), ('end_date', u'2017-12-27')])
id10016_2017-12-24
connect to profiles
{}
31.10.0.101_2017-12-24
connect to users
{}
id10016_2017-12-25
connect to profiles
{}
31.10.0.101_2017-12-25
connect to users
{}
id10016_2017-12-26
connect to profiles
{}
31.10.0.101_2017-12-26
connect to users
{}
id10016_2017-12-27
connect to profiles
{}
31.10.0.101_2017-12-27
connect to users
{}

##########
2017-12-29
ImmutableMultiDict([('date', u'2017-12-28'), ('user_ip', u'61.120.152.1'), ('profile_id', u'id10003'), ('start_date', u'2017-12-25'), ('end_date', u'2017-12-28')])
id10003_2017-12-25
connect to profiles
{}
61.120.152.1_2017-12-25
connect to users
{}
id10003_2017-12-26
connect to profiles
{}
61.120.152.1_2017-12-26
connect to users
{}
id10003_2017-12-27
connect to profiles
{}
61.120.152.1_2017-12-27
connect to users
{}
id10003_2017-12-28
connect to profiles
{}
61.120.152.1_2017-12-28
connect to users
{}

##########
2017-12-30
ImmutableMultiDict([('date', u'2017-12-29'), ('user_ip', u'5.1.124.141'), ('profile_id', u'id10020'), ('start_date', u'2017-12-26'), ('end_date', u'2017-12-29')])
id10020_2017-12-26
connect to profiles
{}
5.1.124.141_2017-12-26
connect to users
{}
id10020_2017-12-27
connect to profiles
{}
5.1.124.141_2017-12-27
connect to users
{}
id10020_2017-12-28
connect to profiles
{}
5.1.124.141_2017-12-28
connect to users
{}
id10020_2017-12-29
connect to profiles
{}
5.1.124.141_2017-12-29
connect to users
{}

##########
2017-12-31
ImmutableMultiDict([('date', u'2017-12-30'), ('user_ip', u'31.10.0.101'), ('profile_id', u'id10018'), ('start_date', u'2017-12-27'), ('end_date', u'2017-12-30')])
id10018_2017-12-27
connect to profiles
{}
31.10.0.101_2017-12-27
connect to users
{}
id10018_2017-12-28
connect to profiles
{}
31.10.0.101_2017-12-28
connect to users
{}
id10018_2017-12-29
connect to profiles
{}
31.10.0.101_2017-12-29
connect to users
{}
id10018_2017-12-30
connect to profiles
{}
31.10.0.101_2017-12-30
connect to users
{}

##########
2018-01-01
ImmutableMultiDict([('date', u'2017-12-31'), ('user_ip', u'70.36.28.11'), ('profile_id', u'id10018'), ('start_date', u'2017-12-28'), ('end_date', u'2017-12-31')])
id10018_2017-12-28
connect to profiles
{}
70.36.28.11_2017-12-28
connect to users
{}
id10018_2017-12-29
connect to profiles
{}
70.36.28.11_2017-12-29
connect to users
{}
id10018_2017-12-30
connect to profiles
{}
70.36.28.11_2017-12-30
connect to users
{}
id10018_2017-12-31
connect to profiles
{}
70.36.28.11_2017-12-31
connect to users
{}

##########
2018-01-02
ImmutableMultiDict([('date', u'2018-01-01'), ('user_ip', u'100.11.10.114'), ('profile_id', u'id10005'), ('start_date', u'2017-12-29'), ('end_date', u'2018-01-01')])
id10005_2017-12-29
connect to profiles
{}
100.11.10.114_2017-12-29
connect to users
{}
id10005_2017-12-30
connect to profiles
{}
100.11.10.114_2017-12-30
connect to users
{}
id10005_2017-12-31
connect to profiles
{}
100.11.10.114_2017-12-31
connect to users
{}
id10005_2018-01-01
connect to profiles
{}
100.11.10.114_2018-01-01
connect to users
{}
